2024-02-14 16:03:20,188 | MainThread   | [WARNING ] | exit_handler        |: Could not disconnect before exiting
2024-02-14 16:03:20,250 | MainThread   | [WARNING ] | __del__             |: Could not delete BaseBLEController instance before exiting
2024-02-14 16:03:20,255 | MainThread   | [WARNING ] | __del__             |: [WinError 10038] An operation was attempted on something that is not a socket
2024-02-14 16:03:23,603 | MainThread   | [DEBUG   ] | <module>            |: debug
2024-02-14 16:03:23,604 | MainThread   | [INFO    ] | <module>            |: info
2024-02-14 16:03:23,608 | MainThread   | [WARNING ] | <module>            |: warning
2024-02-14 16:03:23,608 | MainThread   | [ERROR   ] | <module>            |: error
2024-02-14 16:03:23,609 | MainThread   | [CRITICAL] | <module>            |: critical
2024-02-14 16:03:23,636 | MainThread   | [DEBUG   ] | __init__            |: Python Info: sys.version_info(major=3, minor=12, micro=2, releaselevel='final', serial=0)
2024-02-14 16:03:23,636 | MainThread   | [DEBUG   ] | __init__            |: System Info: Windows-10-10.0.19045-SP0
2024-02-14 16:03:23,637 | MainThread   | [INFO    ] | _connect            |: Looking for Artemis Nano Peripheral Device: c0:89:c1:6d:24:4b
2024-02-14 16:03:28,327 | MainThread   | [INFO    ] | _connect            |: Connected to c0:89:c1:6d:24:4b
2024-02-14 16:03:30,671 | MainThread   | [INFO    ] | exit_handler        |: Exiting...
2024-02-14 16:03:33,844 | MainThread   | [INFO    ] | disconnect_handler  |: Disconnected from C0:89:C1:6D:24:4B
2024-02-14 16:03:48,492 | MainThread   | [WARNING ] | exit_handler        |: Could not disconnect before exiting
2024-02-14 16:03:48,558 | MainThread   | [WARNING ] | __del__             |: Could not delete BaseBLEController instance before exiting
2024-02-14 16:03:48,564 | MainThread   | [WARNING ] | __del__             |: [WinError 10038] An operation was attempted on something that is not a socket
2024-02-14 16:03:52,001 | MainThread   | [DEBUG   ] | <module>            |: debug
2024-02-14 16:03:52,001 | MainThread   | [INFO    ] | <module>            |: info
2024-02-14 16:03:52,004 | MainThread   | [WARNING ] | <module>            |: warning
2024-02-14 16:03:52,005 | MainThread   | [ERROR   ] | <module>            |: error
2024-02-14 16:03:52,006 | MainThread   | [CRITICAL] | <module>            |: critical
2024-02-14 16:03:52,032 | MainThread   | [DEBUG   ] | __init__            |: Python Info: sys.version_info(major=3, minor=12, micro=2, releaselevel='final', serial=0)
2024-02-14 16:03:52,032 | MainThread   | [DEBUG   ] | __init__            |: System Info: Windows-10-10.0.19045-SP0
2024-02-14 16:03:52,033 | MainThread   | [INFO    ] | _connect            |: Looking for Artemis Nano Peripheral Device: c0:89:c1:6d:24:4b
2024-02-14 16:03:56,707 | MainThread   | [INFO    ] | _connect            |: Connected to c0:89:c1:6d:24:4b
2024-02-14 16:03:59,411 | MainThread   | [INFO    ] | exit_handler        |: Exiting...
2024-02-14 16:04:02,584 | MainThread   | [INFO    ] | disconnect_handler  |: Disconnected from C0:89:C1:6D:24:4B
2024-02-14 16:04:02,585 | MainThread   | [INFO    ] | exit_handler        |: Gracefully Exiting
2024-02-14 16:04:02,649 | MainThread   | [WARNING ] | __del__             |: Could not delete BaseBLEController instance before exiting
2024-02-14 16:04:02,655 | MainThread   | [WARNING ] | __del__             |: [WinError 10038] An operation was attempted on something that is not a socket
2024-02-14 16:04:13,863 | MainThread   | [DEBUG   ] | <module>            |: debug
2024-02-14 16:04:13,864 | MainThread   | [INFO    ] | <module>            |: info
2024-02-14 16:04:13,867 | MainThread   | [WARNING ] | <module>            |: warning
2024-02-14 16:04:13,868 | MainThread   | [ERROR   ] | <module>            |: error
2024-02-14 16:04:13,869 | MainThread   | [CRITICAL] | <module>            |: critical
2024-02-14 16:04:13,897 | MainThread   | [DEBUG   ] | __init__            |: Python Info: sys.version_info(major=3, minor=12, micro=2, releaselevel='final', serial=0)
2024-02-14 16:04:13,898 | MainThread   | [DEBUG   ] | __init__            |: System Info: Windows-10-10.0.19045-SP0
2024-02-14 16:04:13,898 | MainThread   | [INFO    ] | _connect            |: Looking for Artemis Nano Peripheral Device: c0:89:c1:6d:24:4b
2024-02-14 16:04:18,487 | MainThread   | [INFO    ] | _connect            |: Connected to c0:89:c1:6d:24:4b
2024-02-14 16:04:21,131 | MainThread   | [INFO    ] | exit_handler        |: Exiting...
2024-02-14 16:04:24,305 | MainThread   | [INFO    ] | disconnect_handler  |: Disconnected from C0:89:C1:6D:24:4B
2024-02-14 16:06:21,251 | MainThread   | [WARNING ] | exit_handler        |: Could not disconnect before exiting
2024-02-14 16:06:21,253 | MainThread   | [WARNING ] | exit_handler        |: 
2024-02-14 16:06:21,307 | MainThread   | [WARNING ] | __del__             |: Could not delete BaseBLEController instance before exiting
2024-02-14 16:06:21,312 | MainThread   | [WARNING ] | __del__             |: [WinError 10038] An operation was attempted on something that is not a socket
2024-02-14 16:14:53,655 | MainThread   | [DEBUG   ] | <module>            |: debug
2024-02-14 16:14:53,656 | MainThread   | [INFO    ] | <module>            |: info
2024-02-14 16:14:53,658 | MainThread   | [WARNING ] | <module>            |: warning
2024-02-14 16:14:53,659 | MainThread   | [ERROR   ] | <module>            |: error
2024-02-14 16:14:53,660 | MainThread   | [CRITICAL] | <module>            |: critical
2024-02-14 16:14:53,687 | MainThread   | [DEBUG   ] | __init__            |: Python Info: sys.version_info(major=3, minor=12, micro=2, releaselevel='final', serial=0)
2024-02-14 16:14:53,687 | MainThread   | [DEBUG   ] | __init__            |: System Info: Windows-10-10.0.19045-SP0
2024-02-14 16:14:53,688 | MainThread   | [INFO    ] | _connect            |: Looking for Artemis Nano Peripheral Device: c0:89:c1:6d:24:4b
2024-02-14 16:14:58,399 | MainThread   | [INFO    ] | _connect            |: Connected to c0:89:c1:6d:24:4b
2024-02-14 16:14:59,663 | MainThread   | [INFO    ] | exit_handler        |: Exiting...
2024-02-14 16:15:02,836 | MainThread   | [INFO    ] | disconnect_handler  |: Disconnected from C0:89:C1:6D:24:4B
2024-02-14 16:15:06,135 | MainThread   | [WARNING ] | exit_handler        |: Could not disconnect before exiting
2024-02-14 16:15:09,564 | MainThread   | [DEBUG   ] | <module>            |: debug
2024-02-14 16:15:09,565 | MainThread   | [INFO    ] | <module>            |: info
2024-02-14 16:15:09,567 | MainThread   | [WARNING ] | <module>            |: warning
2024-02-14 16:15:09,568 | MainThread   | [ERROR   ] | <module>            |: error
2024-02-14 16:15:09,569 | MainThread   | [CRITICAL] | <module>            |: critical
2024-02-14 16:15:09,596 | MainThread   | [DEBUG   ] | __init__            |: Python Info: sys.version_info(major=3, minor=12, micro=2, releaselevel='final', serial=0)
2024-02-14 16:15:09,596 | MainThread   | [DEBUG   ] | __init__            |: System Info: Windows-10-10.0.19045-SP0
2024-02-14 16:15:09,596 | MainThread   | [INFO    ] | _connect            |: Looking for Artemis Nano Peripheral Device: c0:89:c1:6d:24:4b
2024-02-14 16:15:23,216 | MainThread   | [ERROR   ] | _connect            |: 
2024-02-14 16:15:24,218 | MainThread   | [WARNING ] | connect             |: Attempting to connect again...
2024-02-14 16:15:24,219 | MainThread   | [INFO    ] | _connect            |: Looking for Artemis Nano Peripheral Device: c0:89:c1:6d:24:4b
2024-02-14 16:15:44,985 | MainThread   | [INFO    ] | exit_handler        |: Exiting...
2024-02-14 16:15:44,987 | MainThread   | [WARNING ] | exit_handler        |: Could not disconnect before exiting
2024-02-14 16:15:44,987 | MainThread   | [WARNING ] | exit_handler        |: Not connected to a BLE device
2024-02-14 16:16:12,483 | MainThread   | [DEBUG   ] | <module>            |: debug
2024-02-14 16:16:12,483 | MainThread   | [INFO    ] | <module>            |: info
2024-02-14 16:16:12,486 | MainThread   | [WARNING ] | <module>            |: warning
2024-02-14 16:16:12,486 | MainThread   | [ERROR   ] | <module>            |: error
2024-02-14 16:16:12,487 | MainThread   | [CRITICAL] | <module>            |: critical
2024-02-14 16:16:12,750 | MainThread   | [DEBUG   ] | __init__            |: Python Info: sys.version_info(major=3, minor=12, micro=2, releaselevel='final', serial=0)
2024-02-14 16:16:12,750 | MainThread   | [DEBUG   ] | __init__            |: System Info: Windows-10-10.0.19045-SP0
2024-02-14 16:16:12,750 | MainThread   | [INFO    ] | _connect            |: Looking for Artemis Nano Peripheral Device: c0:89:c1:6d:24:4b
2024-02-14 16:16:19,941 | MainThread   | [INFO    ] | _connect            |: Connected to c0:89:c1:6d:24:4b
2024-02-14 16:34:55,603 | MainThread   | [INFO    ] | disconnect_handler  |: Disconnected from C0:89:C1:6D:24:4B
2024-02-14 16:34:56,395 | MainThread   | [INFO    ] | exit_handler        |: Exiting...
2024-02-14 16:34:56,397 | MainThread   | [WARNING ] | exit_handler        |: Could not disconnect before exiting
2024-02-14 16:34:56,397 | MainThread   | [WARNING ] | exit_handler        |: Not connected to a BLE device
2024-02-14 16:34:56,484 | MainThread   | [WARNING ] | __del__             |: Could not delete BaseBLEController instance before exiting
2024-02-14 16:34:56,492 | MainThread   | [WARNING ] | __del__             |: [WinError 10038] An operation was attempted on something that is not a socket
2024-02-14 16:34:59,841 | MainThread   | [DEBUG   ] | <module>            |: debug
2024-02-14 16:34:59,842 | MainThread   | [INFO    ] | <module>            |: info
2024-02-14 16:34:59,844 | MainThread   | [WARNING ] | <module>            |: warning
2024-02-14 16:34:59,845 | MainThread   | [ERROR   ] | <module>            |: error
2024-02-14 16:34:59,846 | MainThread   | [CRITICAL] | <module>            |: critical
2024-02-14 16:34:59,873 | MainThread   | [DEBUG   ] | __init__            |: Python Info: sys.version_info(major=3, minor=12, micro=2, releaselevel='final', serial=0)
2024-02-14 16:34:59,873 | MainThread   | [DEBUG   ] | __init__            |: System Info: Windows-10-10.0.19045-SP0
2024-02-14 16:34:59,874 | MainThread   | [INFO    ] | _connect            |: Looking for Artemis Nano Peripheral Device: c0:89:c1:6d:24:4b
2024-02-14 16:35:04,361 | MainThread   | [INFO    ] | _connect            |: Connected to c0:89:c1:6d:24:4b
2024-02-14 16:35:07,122 | MainThread   | [INFO    ] | exit_handler        |: Exiting...
2024-02-14 16:35:10,297 | MainThread   | [INFO    ] | disconnect_handler  |: Disconnected from C0:89:C1:6D:24:4B
2024-02-14 16:35:38,028 | MainThread   | [WARNING ] | exit_handler        |: Could not disconnect before exiting
2024-02-14 16:35:38,091 | MainThread   | [WARNING ] | __del__             |: Could not delete BaseBLEController instance before exiting
2024-02-14 16:35:38,097 | MainThread   | [WARNING ] | __del__             |: [WinError 10038] An operation was attempted on something that is not a socket
2024-02-14 16:35:41,452 | MainThread   | [DEBUG   ] | <module>            |: debug
2024-02-14 16:35:41,453 | MainThread   | [INFO    ] | <module>            |: info
2024-02-14 16:35:41,455 | MainThread   | [WARNING ] | <module>            |: warning
2024-02-14 16:35:41,456 | MainThread   | [ERROR   ] | <module>            |: error
2024-02-14 16:35:41,457 | MainThread   | [CRITICAL] | <module>            |: critical
2024-02-14 16:35:41,485 | MainThread   | [DEBUG   ] | __init__            |: Python Info: sys.version_info(major=3, minor=12, micro=2, releaselevel='final', serial=0)
2024-02-14 16:35:41,485 | MainThread   | [DEBUG   ] | __init__            |: System Info: Windows-10-10.0.19045-SP0
2024-02-14 16:35:41,486 | MainThread   | [INFO    ] | _connect            |: Looking for Artemis Nano Peripheral Device: c0:89:c1:6d:24:4b
2024-02-14 16:35:54,495 | MainThread   | [ERROR   ] | _connect            |: 
2024-02-14 16:35:55,497 | MainThread   | [WARNING ] | connect             |: Attempting to connect again...
2024-02-14 16:35:55,498 | MainThread   | [INFO    ] | _connect            |: Looking for Artemis Nano Peripheral Device: c0:89:c1:6d:24:4b
2024-02-14 16:36:08,441 | MainThread   | [INFO    ] | _connect            |: Connected to c0:89:c1:6d:24:4b
2024-02-14 16:36:10,543 | MainThread   | [INFO    ] | exit_handler        |: Exiting...
2024-02-14 16:36:13,718 | MainThread   | [INFO    ] | disconnect_handler  |: Disconnected from C0:89:C1:6D:24:4B
2024-02-14 16:36:13,720 | MainThread   | [INFO    ] | exit_handler        |: Gracefully Exiting
2024-02-14 16:36:13,786 | MainThread   | [WARNING ] | __del__             |: Could not delete BaseBLEController instance before exiting
2024-02-14 16:36:13,793 | MainThread   | [WARNING ] | __del__             |: [WinError 10038] An operation was attempted on something that is not a socket
2024-02-14 16:36:22,294 | MainThread   | [DEBUG   ] | <module>            |: debug
2024-02-14 16:36:22,294 | MainThread   | [INFO    ] | <module>            |: info
2024-02-14 16:36:22,297 | MainThread   | [WARNING ] | <module>            |: warning
2024-02-14 16:36:22,298 | MainThread   | [ERROR   ] | <module>            |: error
2024-02-14 16:36:22,298 | MainThread   | [CRITICAL] | <module>            |: critical
2024-02-14 16:36:22,491 | MainThread   | [DEBUG   ] | __init__            |: Python Info: sys.version_info(major=3, minor=12, micro=2, releaselevel='final', serial=0)
2024-02-14 16:36:22,491 | MainThread   | [DEBUG   ] | __init__            |: System Info: Windows-10-10.0.19045-SP0
2024-02-14 16:36:22,492 | MainThread   | [INFO    ] | _connect            |: Looking for Artemis Nano Peripheral Device: c0:89:c1:6d:24:4b
2024-02-14 16:36:27,642 | MainThread   | [INFO    ] | _connect            |: Connected to c0:89:c1:6d:24:4b
2024-02-14 16:41:16,008 | MainThread   | [INFO    ] | disconnect_handler  |: Disconnected from C0:89:C1:6D:24:4B
2024-02-14 16:41:18,262 | MainThread   | [INFO    ] | exit_handler        |: Exiting...
2024-02-14 16:41:18,263 | MainThread   | [WARNING ] | exit_handler        |: Could not disconnect before exiting
2024-02-14 16:41:18,264 | MainThread   | [WARNING ] | exit_handler        |: Not connected to a BLE device
2024-02-14 16:41:18,338 | MainThread   | [WARNING ] | __del__             |: Could not delete BaseBLEController instance before exiting
2024-02-14 16:41:18,346 | MainThread   | [WARNING ] | __del__             |: [WinError 10038] An operation was attempted on something that is not a socket
2024-02-14 16:41:21,693 | MainThread   | [DEBUG   ] | <module>            |: debug
2024-02-14 16:41:21,693 | MainThread   | [INFO    ] | <module>            |: info
2024-02-14 16:41:21,697 | MainThread   | [WARNING ] | <module>            |: warning
2024-02-14 16:41:21,698 | MainThread   | [ERROR   ] | <module>            |: error
2024-02-14 16:41:21,698 | MainThread   | [CRITICAL] | <module>            |: critical
2024-02-14 16:41:21,726 | MainThread   | [DEBUG   ] | __init__            |: Python Info: sys.version_info(major=3, minor=12, micro=2, releaselevel='final', serial=0)
2024-02-14 16:41:21,727 | MainThread   | [DEBUG   ] | __init__            |: System Info: Windows-10-10.0.19045-SP0
2024-02-14 16:41:21,727 | MainThread   | [INFO    ] | _connect            |: Looking for Artemis Nano Peripheral Device: c0:89:c1:6d:24:4b
2024-02-14 16:41:26,447 | MainThread   | [INFO    ] | _connect            |: Connected to c0:89:c1:6d:24:4b
2024-02-14 16:41:27,454 | MainThread   | [INFO    ] | exit_handler        |: Exiting...
2024-02-14 16:41:30,584 | MainThread   | [INFO    ] | disconnect_handler  |: Disconnected from C0:89:C1:6D:24:4B
2024-02-14 16:41:34,345 | MainThread   | [WARNING ] | exit_handler        |: Could not disconnect before exiting
2024-02-14 16:41:37,763 | MainThread   | [DEBUG   ] | <module>            |: debug
2024-02-14 16:41:37,763 | MainThread   | [INFO    ] | <module>            |: info
2024-02-14 16:41:37,765 | MainThread   | [WARNING ] | <module>            |: warning
2024-02-14 16:41:37,766 | MainThread   | [ERROR   ] | <module>            |: error
2024-02-14 16:41:37,767 | MainThread   | [CRITICAL] | <module>            |: critical
2024-02-14 16:41:37,795 | MainThread   | [DEBUG   ] | __init__            |: Python Info: sys.version_info(major=3, minor=12, micro=2, releaselevel='final', serial=0)
2024-02-14 16:41:37,795 | MainThread   | [DEBUG   ] | __init__            |: System Info: Windows-10-10.0.19045-SP0
2024-02-14 16:41:37,795 | MainThread   | [INFO    ] | _connect            |: Looking for Artemis Nano Peripheral Device: c0:89:c1:6d:24:4b
2024-02-14 16:41:42,347 | MainThread   | [INFO    ] | _connect            |: Connected to c0:89:c1:6d:24:4b
2024-02-14 16:41:43,611 | MainThread   | [INFO    ] | exit_handler        |: Exiting...
2024-02-14 16:41:46,784 | MainThread   | [INFO    ] | disconnect_handler  |: Disconnected from C0:89:C1:6D:24:4B
2024-02-14 16:41:57,272 | MainThread   | [WARNING ] | exit_handler        |: Could not disconnect before exiting
2024-02-14 16:41:57,336 | MainThread   | [WARNING ] | __del__             |: Could not delete BaseBLEController instance before exiting
2024-02-14 16:41:57,342 | MainThread   | [WARNING ] | __del__             |: [WinError 10038] An operation was attempted on something that is not a socket
2024-02-14 16:42:00,711 | MainThread   | [DEBUG   ] | <module>            |: debug
2024-02-14 16:42:00,712 | MainThread   | [INFO    ] | <module>            |: info
2024-02-14 16:42:00,714 | MainThread   | [WARNING ] | <module>            |: warning
2024-02-14 16:42:00,715 | MainThread   | [ERROR   ] | <module>            |: error
2024-02-14 16:42:00,716 | MainThread   | [CRITICAL] | <module>            |: critical
2024-02-14 16:42:00,742 | MainThread   | [DEBUG   ] | __init__            |: Python Info: sys.version_info(major=3, minor=12, micro=2, releaselevel='final', serial=0)
2024-02-14 16:42:00,742 | MainThread   | [DEBUG   ] | __init__            |: System Info: Windows-10-10.0.19045-SP0
2024-02-14 16:42:00,743 | MainThread   | [INFO    ] | _connect            |: Looking for Artemis Nano Peripheral Device: c0:89:c1:6d:24:4b
2024-02-14 16:42:05,328 | MainThread   | [INFO    ] | _connect            |: Connected to c0:89:c1:6d:24:4b
2024-02-14 16:42:06,830 | MainThread   | [INFO    ] | exit_handler        |: Exiting...
2024-02-14 16:42:09,945 | MainThread   | [INFO    ] | disconnect_handler  |: Disconnected from C0:89:C1:6D:24:4B
2024-02-14 16:42:20,223 | MainThread   | [WARNING ] | exit_handler        |: Could not disconnect before exiting
2024-02-14 16:42:20,282 | MainThread   | [WARNING ] | __del__             |: Could not delete BaseBLEController instance before exiting
2024-02-14 16:42:20,287 | MainThread   | [WARNING ] | __del__             |: [WinError 10038] An operation was attempted on something that is not a socket
2024-02-14 16:42:40,246 | MainThread   | [DEBUG   ] | <module>            |: debug
2024-02-14 16:42:40,246 | MainThread   | [INFO    ] | <module>            |: info
2024-02-14 16:42:40,250 | MainThread   | [WARNING ] | <module>            |: warning
2024-02-14 16:42:40,251 | MainThread   | [ERROR   ] | <module>            |: error
2024-02-14 16:42:40,252 | MainThread   | [CRITICAL] | <module>            |: critical
2024-02-14 16:42:40,311 | MainThread   | [DEBUG   ] | __init__            |: Python Info: sys.version_info(major=3, minor=12, micro=2, releaselevel='final', serial=0)
2024-02-14 16:42:40,312 | MainThread   | [DEBUG   ] | __init__            |: System Info: Windows-10-10.0.19045-SP0
2024-02-14 16:42:40,312 | MainThread   | [INFO    ] | _connect            |: Looking for Artemis Nano Peripheral Device: c0:89:c1:6d:24:4b
2024-02-14 16:42:44,988 | MainThread   | [INFO    ] | _connect            |: Connected to c0:89:c1:6d:24:4b
2024-02-14 16:42:46,491 | MainThread   | [INFO    ] | exit_handler        |: Exiting...
2024-02-14 16:42:49,665 | MainThread   | [INFO    ] | disconnect_handler  |: Disconnected from C0:89:C1:6D:24:4B
2024-02-14 16:43:16,183 | MainThread   | [WARNING ] | exit_handler        |: Could not disconnect before exiting
2024-02-14 16:43:16,243 | MainThread   | [WARNING ] | __del__             |: Could not delete BaseBLEController instance before exiting
2024-02-14 16:43:16,248 | MainThread   | [WARNING ] | __del__             |: [WinError 10038] An operation was attempted on something that is not a socket
2024-02-14 16:43:19,610 | MainThread   | [DEBUG   ] | <module>            |: debug
2024-02-14 16:43:19,611 | MainThread   | [INFO    ] | <module>            |: info
2024-02-14 16:43:19,613 | MainThread   | [WARNING ] | <module>            |: warning
2024-02-14 16:43:19,614 | MainThread   | [ERROR   ] | <module>            |: error
2024-02-14 16:43:19,614 | MainThread   | [CRITICAL] | <module>            |: critical
2024-02-14 16:43:19,642 | MainThread   | [DEBUG   ] | __init__            |: Python Info: sys.version_info(major=3, minor=12, micro=2, releaselevel='final', serial=0)
2024-02-14 16:43:19,643 | MainThread   | [DEBUG   ] | __init__            |: System Info: Windows-10-10.0.19045-SP0
2024-02-14 16:43:19,643 | MainThread   | [INFO    ] | _connect            |: Looking for Artemis Nano Peripheral Device: c0:89:c1:6d:24:4b
2024-02-14 16:43:24,349 | MainThread   | [INFO    ] | _connect            |: Connected to c0:89:c1:6d:24:4b
2024-02-14 16:43:25,972 | MainThread   | [INFO    ] | exit_handler        |: Exiting...
2024-02-14 16:43:29,146 | MainThread   | [INFO    ] | disconnect_handler  |: Disconnected from C0:89:C1:6D:24:4B
2024-02-14 16:44:00,917 | MainThread   | [WARNING ] | exit_handler        |: Could not disconnect before exiting
2024-02-14 16:44:00,980 | MainThread   | [WARNING ] | __del__             |: Could not delete BaseBLEController instance before exiting
2024-02-14 16:44:00,987 | MainThread   | [WARNING ] | __del__             |: [WinError 10038] An operation was attempted on something that is not a socket
2024-02-14 16:44:04,344 | MainThread   | [DEBUG   ] | <module>            |: debug
2024-02-14 16:44:04,344 | MainThread   | [INFO    ] | <module>            |: info
2024-02-14 16:44:04,347 | MainThread   | [WARNING ] | <module>            |: warning
2024-02-14 16:44:04,347 | MainThread   | [ERROR   ] | <module>            |: error
2024-02-14 16:44:04,348 | MainThread   | [CRITICAL] | <module>            |: critical
2024-02-14 16:44:04,375 | MainThread   | [DEBUG   ] | __init__            |: Python Info: sys.version_info(major=3, minor=12, micro=2, releaselevel='final', serial=0)
2024-02-14 16:44:04,376 | MainThread   | [DEBUG   ] | __init__            |: System Info: Windows-10-10.0.19045-SP0
2024-02-14 16:44:04,376 | MainThread   | [INFO    ] | _connect            |: Looking for Artemis Nano Peripheral Device: c0:89:c1:6d:24:4b
2024-02-14 16:44:10,909 | MainThread   | [INFO    ] | _connect            |: Connected to c0:89:c1:6d:24:4b
2024-02-14 16:44:13,133 | MainThread   | [INFO    ] | exit_handler        |: Exiting...
2024-02-14 16:44:16,306 | MainThread   | [INFO    ] | disconnect_handler  |: Disconnected from C0:89:C1:6D:24:4B
2024-02-14 16:44:16,308 | MainThread   | [INFO    ] | exit_handler        |: Gracefully Exiting
2024-02-14 16:44:16,369 | MainThread   | [WARNING ] | __del__             |: Could not delete BaseBLEController instance before exiting
2024-02-14 16:44:16,375 | MainThread   | [WARNING ] | __del__             |: [WinError 10038] An operation was attempted on something that is not a socket
2024-02-14 16:44:25,722 | MainThread   | [DEBUG   ] | <module>            |: debug
2024-02-14 16:44:25,722 | MainThread   | [INFO    ] | <module>            |: info
2024-02-14 16:44:25,724 | MainThread   | [WARNING ] | <module>            |: warning
2024-02-14 16:44:25,725 | MainThread   | [ERROR   ] | <module>            |: error
2024-02-14 16:44:25,726 | MainThread   | [CRITICAL] | <module>            |: critical
2024-02-14 16:44:25,997 | MainThread   | [DEBUG   ] | __init__            |: Python Info: sys.version_info(major=3, minor=12, micro=2, releaselevel='final', serial=0)
2024-02-14 16:44:25,997 | MainThread   | [DEBUG   ] | __init__            |: System Info: Windows-10-10.0.19045-SP0
2024-02-14 16:44:25,998 | MainThread   | [INFO    ] | _connect            |: Looking for Artemis Nano Peripheral Device: c0:89:c1:6d:24:4b
2024-02-14 16:44:36,770 | MainThread   | [INFO    ] | _connect            |: Connected to c0:89:c1:6d:24:4b
2024-02-14 16:46:43,734 | MainThread   | [INFO    ] | disconnect_handler  |: Disconnected from C0:89:C1:6D:24:4B
2024-02-14 16:46:46,531 | MainThread   | [INFO    ] | exit_handler        |: Exiting...
2024-02-14 16:46:46,532 | MainThread   | [WARNING ] | exit_handler        |: Could not disconnect before exiting
2024-02-14 16:46:46,533 | MainThread   | [WARNING ] | exit_handler        |: Not connected to a BLE device
2024-02-14 16:46:46,611 | MainThread   | [WARNING ] | __del__             |: Could not delete BaseBLEController instance before exiting
2024-02-14 16:46:46,616 | MainThread   | [WARNING ] | __del__             |: [WinError 10038] An operation was attempted on something that is not a socket
2024-02-14 16:46:49,935 | MainThread   | [DEBUG   ] | <module>            |: debug
2024-02-14 16:46:49,935 | MainThread   | [INFO    ] | <module>            |: info
2024-02-14 16:46:49,937 | MainThread   | [WARNING ] | <module>            |: warning
2024-02-14 16:46:49,938 | MainThread   | [ERROR   ] | <module>            |: error
2024-02-14 16:46:49,939 | MainThread   | [CRITICAL] | <module>            |: critical
2024-02-14 16:46:49,969 | MainThread   | [DEBUG   ] | __init__            |: Python Info: sys.version_info(major=3, minor=12, micro=2, releaselevel='final', serial=0)
2024-02-14 16:46:49,970 | MainThread   | [DEBUG   ] | __init__            |: System Info: Windows-10-10.0.19045-SP0
2024-02-14 16:46:49,970 | MainThread   | [INFO    ] | _connect            |: Looking for Artemis Nano Peripheral Device: c0:89:c1:6d:24:4b
2024-02-14 16:46:54,653 | MainThread   | [INFO    ] | _connect            |: Connected to c0:89:c1:6d:24:4b
2024-02-14 16:46:55,661 | MainThread   | [INFO    ] | exit_handler        |: Exiting...
2024-02-14 16:46:58,789 | MainThread   | [INFO    ] | disconnect_handler  |: Disconnected from C0:89:C1:6D:24:4B
2024-02-14 16:46:59,519 | MainThread   | [WARNING ] | exit_handler        |: Could not disconnect before exiting
2024-02-14 16:47:02,945 | MainThread   | [DEBUG   ] | <module>            |: debug
2024-02-14 16:47:02,946 | MainThread   | [INFO    ] | <module>            |: info
2024-02-14 16:47:02,948 | MainThread   | [WARNING ] | <module>            |: warning
2024-02-14 16:47:02,949 | MainThread   | [ERROR   ] | <module>            |: error
2024-02-14 16:47:02,949 | MainThread   | [CRITICAL] | <module>            |: critical
2024-02-14 16:47:02,980 | MainThread   | [DEBUG   ] | __init__            |: Python Info: sys.version_info(major=3, minor=12, micro=2, releaselevel='final', serial=0)
2024-02-14 16:47:02,980 | MainThread   | [DEBUG   ] | __init__            |: System Info: Windows-10-10.0.19045-SP0
2024-02-14 16:47:02,980 | MainThread   | [INFO    ] | _connect            |: Looking for Artemis Nano Peripheral Device: c0:89:c1:6d:24:4b
2024-02-14 16:47:07,672 | MainThread   | [INFO    ] | _connect            |: Connected to c0:89:c1:6d:24:4b
2024-02-14 16:47:09,176 | MainThread   | [INFO    ] | exit_handler        |: Exiting...
2024-02-14 16:47:12,350 | MainThread   | [INFO    ] | disconnect_handler  |: Disconnected from C0:89:C1:6D:24:4B
2024-02-14 16:49:09,290 | MainThread   | [WARNING ] | exit_handler        |: Could not disconnect before exiting
2024-02-14 16:49:09,292 | MainThread   | [WARNING ] | exit_handler        |: 
2024-02-14 16:49:09,348 | MainThread   | [WARNING ] | __del__             |: Could not delete BaseBLEController instance before exiting
2024-02-14 16:49:09,354 | MainThread   | [WARNING ] | __del__             |: [WinError 10038] An operation was attempted on something that is not a socket
2024-02-14 17:23:45,453 | MainThread   | [DEBUG   ] | <module>            |: debug
2024-02-14 17:23:45,453 | MainThread   | [INFO    ] | <module>            |: info
2024-02-14 17:23:45,456 | MainThread   | [WARNING ] | <module>            |: warning
2024-02-14 17:23:45,457 | MainThread   | [ERROR   ] | <module>            |: error
2024-02-14 17:23:45,458 | MainThread   | [CRITICAL] | <module>            |: critical
2024-02-14 17:23:45,806 | MainThread   | [DEBUG   ] | __init__            |: Python Info: sys.version_info(major=3, minor=12, micro=2, releaselevel='final', serial=0)
2024-02-14 17:23:45,806 | MainThread   | [DEBUG   ] | __init__            |: System Info: Windows-10-10.0.19045-SP0
2024-02-14 17:23:45,807 | MainThread   | [INFO    ] | _connect            |: Looking for Artemis Nano Peripheral Device: c0:89:c1:6d:24:4b
2024-02-14 17:23:50,433 | MainThread   | [INFO    ] | _connect            |: Connected to c0:89:c1:6d:24:4b
2024-02-14 17:28:15,279 | MainThread   | [INFO    ] | disconnect_handler  |: Disconnected from C0:89:C1:6D:24:4B
2024-02-14 17:28:23,370 | MainThread   | [INFO    ] | exit_handler        |: Exiting...
2024-02-14 17:28:23,371 | MainThread   | [WARNING ] | exit_handler        |: Could not disconnect before exiting
2024-02-14 17:28:23,372 | MainThread   | [WARNING ] | exit_handler        |: Not connected to a BLE device
2024-02-14 17:28:23,435 | MainThread   | [WARNING ] | __del__             |: Could not delete BaseBLEController instance before exiting
2024-02-14 17:28:23,442 | MainThread   | [WARNING ] | __del__             |: [WinError 10038] An operation was attempted on something that is not a socket
2024-02-14 17:28:26,791 | MainThread   | [DEBUG   ] | <module>            |: debug
2024-02-14 17:28:26,792 | MainThread   | [INFO    ] | <module>            |: info
2024-02-14 17:28:26,794 | MainThread   | [WARNING ] | <module>            |: warning
2024-02-14 17:28:26,795 | MainThread   | [ERROR   ] | <module>            |: error
2024-02-14 17:28:26,795 | MainThread   | [CRITICAL] | <module>            |: critical
2024-02-14 17:28:26,823 | MainThread   | [DEBUG   ] | __init__            |: Python Info: sys.version_info(major=3, minor=12, micro=2, releaselevel='final', serial=0)
2024-02-14 17:28:26,823 | MainThread   | [DEBUG   ] | __init__            |: System Info: Windows-10-10.0.19045-SP0
2024-02-14 17:28:26,823 | MainThread   | [INFO    ] | _connect            |: Looking for Artemis Nano Peripheral Device: c0:89:c1:6d:24:4b
2024-02-14 17:28:31,657 | MainThread   | [INFO    ] | _connect            |: Connected to c0:89:c1:6d:24:4b
2024-02-14 17:28:32,664 | MainThread   | [INFO    ] | exit_handler        |: Exiting...
2024-02-14 17:28:35,795 | MainThread   | [INFO    ] | disconnect_handler  |: Disconnected from C0:89:C1:6D:24:4B
2024-02-14 17:28:42,219 | MainThread   | [WARNING ] | exit_handler        |: Could not disconnect before exiting
2024-02-14 17:28:45,634 | MainThread   | [DEBUG   ] | <module>            |: debug
2024-02-14 17:28:45,634 | MainThread   | [INFO    ] | <module>            |: info
2024-02-14 17:28:45,637 | MainThread   | [WARNING ] | <module>            |: warning
2024-02-14 17:28:45,637 | MainThread   | [ERROR   ] | <module>            |: error
2024-02-14 17:28:45,638 | MainThread   | [CRITICAL] | <module>            |: critical
2024-02-14 17:28:45,666 | MainThread   | [DEBUG   ] | __init__            |: Python Info: sys.version_info(major=3, minor=12, micro=2, releaselevel='final', serial=0)
2024-02-14 17:28:45,666 | MainThread   | [DEBUG   ] | __init__            |: System Info: Windows-10-10.0.19045-SP0
2024-02-14 17:28:45,667 | MainThread   | [INFO    ] | _connect            |: Looking for Artemis Nano Peripheral Device: c0:89:c1:6d:24:4b
2024-02-14 17:28:50,498 | MainThread   | [INFO    ] | _connect            |: Connected to c0:89:c1:6d:24:4b
2024-02-14 17:28:51,506 | MainThread   | [INFO    ] | exit_handler        |: Exiting...
2024-02-14 17:28:54,634 | MainThread   | [INFO    ] | disconnect_handler  |: Disconnected from C0:89:C1:6D:24:4B
2024-02-14 17:29:02,479 | MainThread   | [WARNING ] | exit_handler        |: Could not disconnect before exiting
2024-02-14 17:29:02,541 | MainThread   | [WARNING ] | __del__             |: Could not delete BaseBLEController instance before exiting
2024-02-14 17:29:02,546 | MainThread   | [WARNING ] | __del__             |: [WinError 10038] An operation was attempted on something that is not a socket
2024-02-14 17:29:05,905 | MainThread   | [DEBUG   ] | <module>            |: debug
2024-02-14 17:29:05,905 | MainThread   | [INFO    ] | <module>            |: info
2024-02-14 17:29:05,908 | MainThread   | [WARNING ] | <module>            |: warning
2024-02-14 17:29:05,909 | MainThread   | [ERROR   ] | <module>            |: error
2024-02-14 17:29:05,909 | MainThread   | [CRITICAL] | <module>            |: critical
2024-02-14 17:29:05,942 | MainThread   | [DEBUG   ] | __init__            |: Python Info: sys.version_info(major=3, minor=12, micro=2, releaselevel='final', serial=0)
2024-02-14 17:29:05,943 | MainThread   | [DEBUG   ] | __init__            |: System Info: Windows-10-10.0.19045-SP0
2024-02-14 17:29:05,943 | MainThread   | [INFO    ] | _connect            |: Looking for Artemis Nano Peripheral Device: c0:89:c1:6d:24:4b
2024-02-14 17:29:10,478 | MainThread   | [INFO    ] | _connect            |: Connected to c0:89:c1:6d:24:4b
2024-02-14 17:29:11,487 | MainThread   | [INFO    ] | exit_handler        |: Exiting...
2024-02-14 17:29:14,615 | MainThread   | [INFO    ] | disconnect_handler  |: Disconnected from C0:89:C1:6D:24:4B
2024-02-14 17:30:01,917 | MainThread   | [WARNING ] | exit_handler        |: Could not disconnect before exiting
2024-02-14 17:30:05,356 | MainThread   | [DEBUG   ] | <module>            |: debug
2024-02-14 17:30:05,356 | MainThread   | [INFO    ] | <module>            |: info
2024-02-14 17:30:05,359 | MainThread   | [WARNING ] | <module>            |: warning
2024-02-14 17:30:05,360 | MainThread   | [ERROR   ] | <module>            |: error
2024-02-14 17:30:05,360 | MainThread   | [CRITICAL] | <module>            |: critical
2024-02-14 17:30:05,389 | MainThread   | [DEBUG   ] | __init__            |: Python Info: sys.version_info(major=3, minor=12, micro=2, releaselevel='final', serial=0)
2024-02-14 17:30:05,389 | MainThread   | [DEBUG   ] | __init__            |: System Info: Windows-10-10.0.19045-SP0
2024-02-14 17:30:05,389 | MainThread   | [INFO    ] | _connect            |: Looking for Artemis Nano Peripheral Device: c0:89:c1:6d:24:4b
2024-02-14 17:30:10,000 | MainThread   | [INFO    ] | _connect            |: Connected to c0:89:c1:6d:24:4b
2024-02-14 17:34:49,666 | MainThread   | [INFO    ] | disconnect_handler  |: Disconnected from C0:89:C1:6D:24:4B
2024-02-14 17:34:53,445 | MainThread   | [INFO    ] | exit_handler        |: Exiting...
2024-02-14 17:34:53,447 | MainThread   | [WARNING ] | exit_handler        |: Could not disconnect before exiting
2024-02-14 17:34:53,448 | MainThread   | [WARNING ] | exit_handler        |: Not connected to a BLE device
2024-02-14 17:34:53,504 | MainThread   | [WARNING ] | __del__             |: Could not delete BaseBLEController instance before exiting
2024-02-14 17:34:53,510 | MainThread   | [WARNING ] | __del__             |: [WinError 10038] An operation was attempted on something that is not a socket
2024-02-14 17:34:56,881 | MainThread   | [DEBUG   ] | <module>            |: debug
2024-02-14 17:34:56,881 | MainThread   | [INFO    ] | <module>            |: info
2024-02-14 17:34:56,884 | MainThread   | [WARNING ] | <module>            |: warning
2024-02-14 17:34:56,885 | MainThread   | [ERROR   ] | <module>            |: error
2024-02-14 17:34:56,886 | MainThread   | [CRITICAL] | <module>            |: critical
2024-02-14 17:34:56,913 | MainThread   | [DEBUG   ] | __init__            |: Python Info: sys.version_info(major=3, minor=12, micro=2, releaselevel='final', serial=0)
2024-02-14 17:34:56,913 | MainThread   | [DEBUG   ] | __init__            |: System Info: Windows-10-10.0.19045-SP0
2024-02-14 17:34:56,914 | MainThread   | [INFO    ] | _connect            |: Looking for Artemis Nano Peripheral Device: c0:89:c1:6d:24:4b
2024-02-14 17:35:01,425 | MainThread   | [INFO    ] | _connect            |: Connected to c0:89:c1:6d:24:4b
2024-02-14 17:35:02,432 | MainThread   | [INFO    ] | exit_handler        |: Exiting...
2024-02-14 17:35:05,681 | MainThread   | [INFO    ] | disconnect_handler  |: Disconnected from C0:89:C1:6D:24:4B
2024-02-14 17:35:17,953 | MainThread   | [WARNING ] | exit_handler        |: Could not disconnect before exiting
2024-02-14 17:35:23,613 | MainThread   | [DEBUG   ] | <module>            |: debug
2024-02-14 17:35:23,613 | MainThread   | [INFO    ] | <module>            |: info
2024-02-14 17:35:23,615 | MainThread   | [WARNING ] | <module>            |: warning
2024-02-14 17:35:23,616 | MainThread   | [ERROR   ] | <module>            |: error
2024-02-14 17:35:23,617 | MainThread   | [CRITICAL] | <module>            |: critical
2024-02-14 17:35:24,027 | MainThread   | [DEBUG   ] | __init__            |: Python Info: sys.version_info(major=3, minor=12, micro=2, releaselevel='final', serial=0)
2024-02-14 17:35:24,027 | MainThread   | [DEBUG   ] | __init__            |: System Info: Windows-10-10.0.19045-SP0
2024-02-14 17:35:24,027 | MainThread   | [INFO    ] | _connect            |: Looking for Artemis Nano Peripheral Device: c0:89:c1:6d:24:4b
2024-02-14 17:35:28,665 | MainThread   | [INFO    ] | _connect            |: Connected to c0:89:c1:6d:24:4b
2024-02-14 17:38:33,793 | MainThread   | [DEBUG   ] | <module>            |: debug
2024-02-14 17:38:33,793 | MainThread   | [INFO    ] | <module>            |: info
2024-02-14 17:38:33,794 | MainThread   | [WARNING ] | <module>            |: warning
2024-02-14 17:38:33,795 | MainThread   | [ERROR   ] | <module>            |: error
2024-02-14 17:38:33,795 | MainThread   | [CRITICAL] | <module>            |: critical
2024-02-14 17:38:34,475 | MainThread   | [INFO    ] | _connect            |: Already connected to a BLE device
2024-02-14 17:38:37,071 | MainThread   | [INFO    ] | disconnect_handler  |: Disconnected from C0:89:C1:6D:24:4B
2024-02-14 17:38:42,211 | MainThread   | [INFO    ] | _connect            |: Looking for Artemis Nano Peripheral Device: c0:89:c1:6d:24:4b
2024-02-14 17:38:47,028 | MainThread   | [INFO    ] | _connect            |: Connected to c0:89:c1:6d:24:4b
2024-02-14 18:26:14,208 | MainThread   | [INFO    ] | disconnect_handler  |: Disconnected from C0:89:C1:6D:24:4B
2024-02-14 18:53:18,221 | MainThread   | [INFO    ] | exit_handler        |: Exiting...
2024-02-14 18:53:18,222 | MainThread   | [WARNING ] | exit_handler        |: Could not disconnect before exiting
2024-02-14 18:53:18,223 | MainThread   | [WARNING ] | exit_handler        |: Not connected to a BLE device
2024-02-14 18:53:18,396 | MainThread   | [WARNING ] | __del__             |: Could not delete BaseBLEController instance before exiting
2024-02-14 18:53:18,403 | MainThread   | [WARNING ] | __del__             |: [WinError 10038] An operation was attempted on something that is not a socket
2024-02-14 18:53:21,774 | MainThread   | [DEBUG   ] | <module>            |: debug
2024-02-14 18:53:21,774 | MainThread   | [INFO    ] | <module>            |: info
2024-02-14 18:53:21,776 | MainThread   | [WARNING ] | <module>            |: warning
2024-02-14 18:53:21,777 | MainThread   | [ERROR   ] | <module>            |: error
2024-02-14 18:53:21,777 | MainThread   | [CRITICAL] | <module>            |: critical
2024-02-14 18:53:21,806 | MainThread   | [DEBUG   ] | __init__            |: Python Info: sys.version_info(major=3, minor=12, micro=2, releaselevel='final', serial=0)
2024-02-14 18:53:21,806 | MainThread   | [DEBUG   ] | __init__            |: System Info: Windows-10-10.0.19045-SP0
2024-02-14 18:53:21,806 | MainThread   | [INFO    ] | _connect            |: Looking for Artemis Nano Peripheral Device: c0:89:c1:6d:24:4b
2024-02-14 18:53:28,802 | MainThread   | [INFO    ] | _connect            |: Connected to c0:89:c1:6d:24:4b
2024-02-14 18:53:29,811 | MainThread   | [INFO    ] | exit_handler        |: Exiting...
2024-02-14 18:53:32,939 | MainThread   | [INFO    ] | disconnect_handler  |: Disconnected from C0:89:C1:6D:24:4B
2024-02-14 18:53:32,941 | MainThread   | [INFO    ] | exit_handler        |: Gracefully Exiting
2024-02-14 18:53:39,234 | MainThread   | [DEBUG   ] | <module>            |: debug
2024-02-14 18:53:39,234 | MainThread   | [INFO    ] | <module>            |: info
2024-02-14 18:53:39,236 | MainThread   | [WARNING ] | <module>            |: warning
2024-02-14 18:53:39,237 | MainThread   | [ERROR   ] | <module>            |: error
2024-02-14 18:53:39,238 | MainThread   | [CRITICAL] | <module>            |: critical
2024-02-14 18:53:39,518 | MainThread   | [DEBUG   ] | __init__            |: Python Info: sys.version_info(major=3, minor=12, micro=2, releaselevel='final', serial=0)
2024-02-14 18:53:39,519 | MainThread   | [DEBUG   ] | __init__            |: System Info: Windows-10-10.0.19045-SP0
2024-02-14 18:53:39,519 | MainThread   | [INFO    ] | _connect            |: Looking for Artemis Nano Peripheral Device: c0:89:c1:6d:24:4b
2024-02-14 18:53:53,201 | MainThread   | [ERROR   ] | _connect            |: 
2024-02-14 18:53:54,202 | MainThread   | [WARNING ] | connect             |: Attempting to connect again...
2024-02-14 18:53:54,203 | MainThread   | [INFO    ] | _connect            |: Looking for Artemis Nano Peripheral Device: c0:89:c1:6d:24:4b
2024-02-14 18:54:00,663 | MainThread   | [INFO    ] | _connect            |: Connected to c0:89:c1:6d:24:4b
2024-02-14 19:04:03,734 | MainThread   | [INFO    ] | disconnect_handler  |: Disconnected from C0:89:C1:6D:24:4B
2024-02-14 19:04:11,830 | MainThread   | [INFO    ] | exit_handler        |: Exiting...
2024-02-14 19:04:11,832 | MainThread   | [WARNING ] | exit_handler        |: Could not disconnect before exiting
2024-02-14 19:04:11,832 | MainThread   | [WARNING ] | exit_handler        |: Not connected to a BLE device
2024-02-14 19:04:15,357 | MainThread   | [DEBUG   ] | <module>            |: debug
2024-02-14 19:04:15,358 | MainThread   | [INFO    ] | <module>            |: info
2024-02-14 19:04:15,360 | MainThread   | [WARNING ] | <module>            |: warning
2024-02-14 19:04:15,361 | MainThread   | [ERROR   ] | <module>            |: error
2024-02-14 19:04:15,362 | MainThread   | [CRITICAL] | <module>            |: critical
2024-02-14 19:04:15,390 | MainThread   | [DEBUG   ] | __init__            |: Python Info: sys.version_info(major=3, minor=12, micro=2, releaselevel='final', serial=0)
2024-02-14 19:04:15,390 | MainThread   | [DEBUG   ] | __init__            |: System Info: Windows-10-10.0.19045-SP0
2024-02-14 19:04:15,391 | MainThread   | [INFO    ] | _connect            |: Looking for Artemis Nano Peripheral Device: c0:89:c1:6d:24:4b
2024-02-14 19:04:20,773 | MainThread   | [INFO    ] | _connect            |: Connected to c0:89:c1:6d:24:4b
2024-02-14 19:04:21,783 | MainThread   | [INFO    ] | exit_handler        |: Exiting...
2024-02-14 19:04:24,970 | MainThread   | [INFO    ] | disconnect_handler  |: Disconnected from C0:89:C1:6D:24:4B
2024-02-14 19:04:34,556 | MainThread   | [WARNING ] | exit_handler        |: Could not disconnect before exiting
2024-02-14 19:04:34,619 | MainThread   | [WARNING ] | __del__             |: Could not delete BaseBLEController instance before exiting
2024-02-14 19:04:34,625 | MainThread   | [WARNING ] | __del__             |: [WinError 10038] An operation was attempted on something that is not a socket
2024-02-14 19:04:37,996 | MainThread   | [DEBUG   ] | <module>            |: debug
2024-02-14 19:04:37,996 | MainThread   | [INFO    ] | <module>            |: info
2024-02-14 19:04:37,999 | MainThread   | [WARNING ] | <module>            |: warning
2024-02-14 19:04:37,999 | MainThread   | [ERROR   ] | <module>            |: error
2024-02-14 19:04:38,000 | MainThread   | [CRITICAL] | <module>            |: critical
2024-02-14 19:04:38,029 | MainThread   | [DEBUG   ] | __init__            |: Python Info: sys.version_info(major=3, minor=12, micro=2, releaselevel='final', serial=0)
2024-02-14 19:04:38,029 | MainThread   | [DEBUG   ] | __init__            |: System Info: Windows-10-10.0.19045-SP0
2024-02-14 19:04:38,029 | MainThread   | [INFO    ] | _connect            |: Looking for Artemis Nano Peripheral Device: c0:89:c1:6d:24:4b
2024-02-14 19:04:42,674 | MainThread   | [INFO    ] | _connect            |: Connected to c0:89:c1:6d:24:4b
2024-02-14 19:16:14,549 | MainThread   | [INFO    ] | disconnect_handler  |: Disconnected from C0:89:C1:6D:24:4B
2024-02-14 19:17:40,898 | MainThread   | [INFO    ] | exit_handler        |: Exiting...
2024-02-14 19:17:40,900 | MainThread   | [WARNING ] | exit_handler        |: Could not disconnect before exiting
2024-02-14 19:17:40,902 | MainThread   | [WARNING ] | exit_handler        |: Not connected to a BLE device
2024-02-14 19:17:40,995 | MainThread   | [WARNING ] | __del__             |: Could not delete BaseBLEController instance before exiting
2024-02-14 19:17:41,007 | MainThread   | [WARNING ] | __del__             |: [WinError 10038] An operation was attempted on something that is not a socket
2024-02-14 19:17:44,496 | MainThread   | [DEBUG   ] | <module>            |: debug
2024-02-14 19:17:44,497 | MainThread   | [INFO    ] | <module>            |: info
2024-02-14 19:17:44,500 | MainThread   | [WARNING ] | <module>            |: warning
2024-02-14 19:17:44,502 | MainThread   | [ERROR   ] | <module>            |: error
2024-02-14 19:17:44,503 | MainThread   | [CRITICAL] | <module>            |: critical
2024-02-14 19:17:44,836 | MainThread   | [DEBUG   ] | __init__            |: Python Info: sys.version_info(major=3, minor=12, micro=2, releaselevel='final', serial=0)
2024-02-14 19:17:44,836 | MainThread   | [DEBUG   ] | __init__            |: System Info: Windows-10-10.0.19045-SP0
2024-02-14 19:17:44,837 | MainThread   | [INFO    ] | _connect            |: Looking for Artemis Nano Peripheral Device: c0:89:c1:6d:24:4b
2024-02-14 19:17:51,214 | MainThread   | [INFO    ] | _connect            |: Connected to c0:89:c1:6d:24:4b
2024-02-14 20:19:00,037 | MainThread   | [INFO    ] | disconnect_handler  |: Disconnected from C0:89:C1:6D:24:4B
2024-02-14 20:19:36,034 | MainThread   | [INFO    ] | exit_handler        |: Exiting...
2024-02-14 20:19:36,037 | MainThread   | [WARNING ] | exit_handler        |: Could not disconnect before exiting
2024-02-14 20:19:36,038 | MainThread   | [WARNING ] | exit_handler        |: Not connected to a BLE device
2024-02-14 20:19:36,137 | MainThread   | [WARNING ] | __del__             |: Could not delete BaseBLEController instance before exiting
2024-02-14 20:19:36,150 | MainThread   | [WARNING ] | __del__             |: [WinError 10038] An operation was attempted on something that is not a socket
2024-02-14 20:19:39,636 | MainThread   | [DEBUG   ] | <module>            |: debug
2024-02-14 20:19:39,637 | MainThread   | [INFO    ] | <module>            |: info
2024-02-14 20:19:39,641 | MainThread   | [WARNING ] | <module>            |: warning
2024-02-14 20:19:39,642 | MainThread   | [ERROR   ] | <module>            |: error
2024-02-14 20:19:39,644 | MainThread   | [CRITICAL] | <module>            |: critical
2024-02-14 20:19:39,691 | MainThread   | [DEBUG   ] | __init__            |: Python Info: sys.version_info(major=3, minor=12, micro=2, releaselevel='final', serial=0)
2024-02-14 20:19:39,692 | MainThread   | [DEBUG   ] | __init__            |: System Info: Windows-10-10.0.19045-SP0
2024-02-14 20:19:39,693 | MainThread   | [INFO    ] | _connect            |: Looking for Artemis Nano Peripheral Device: c0:89:c1:6d:24:4b
2024-02-14 20:19:44,081 | MainThread   | [INFO    ] | _connect            |: Connected to c0:89:c1:6d:24:4b
2024-02-14 20:19:45,095 | MainThread   | [INFO    ] | exit_handler        |: Exiting...
2024-02-14 20:19:48,272 | MainThread   | [INFO    ] | disconnect_handler  |: Disconnected from C0:89:C1:6D:24:4B
2024-02-14 20:19:52,767 | MainThread   | [WARNING ] | exit_handler        |: Could not disconnect before exiting
2024-02-14 20:19:56,486 | MainThread   | [DEBUG   ] | <module>            |: debug
2024-02-14 20:19:56,486 | MainThread   | [INFO    ] | <module>            |: info
2024-02-14 20:19:56,490 | MainThread   | [WARNING ] | <module>            |: warning
2024-02-14 20:19:56,491 | MainThread   | [ERROR   ] | <module>            |: error
2024-02-14 20:19:56,492 | MainThread   | [CRITICAL] | <module>            |: critical
2024-02-14 20:19:56,542 | MainThread   | [DEBUG   ] | __init__            |: Python Info: sys.version_info(major=3, minor=12, micro=2, releaselevel='final', serial=0)
2024-02-14 20:19:56,543 | MainThread   | [DEBUG   ] | __init__            |: System Info: Windows-10-10.0.19045-SP0
2024-02-14 20:19:56,543 | MainThread   | [INFO    ] | _connect            |: Looking for Artemis Nano Peripheral Device: c0:89:c1:6d:24:4b
2024-02-14 20:20:01,060 | MainThread   | [INFO    ] | _connect            |: Connected to c0:89:c1:6d:24:4b
2024-02-14 20:21:34,598 | MainThread   | [INFO    ] | disconnect_handler  |: Disconnected from C0:89:C1:6D:24:4B
2024-02-14 20:21:37,118 | MainThread   | [INFO    ] | exit_handler        |: Exiting...
2024-02-14 20:21:37,120 | MainThread   | [WARNING ] | exit_handler        |: Could not disconnect before exiting
2024-02-14 20:21:37,121 | MainThread   | [WARNING ] | exit_handler        |: Not connected to a BLE device
2024-02-14 20:21:37,206 | MainThread   | [WARNING ] | __del__             |: Could not delete BaseBLEController instance before exiting
2024-02-14 20:21:37,220 | MainThread   | [WARNING ] | __del__             |: [WinError 10038] An operation was attempted on something that is not a socket
2024-02-14 20:21:40,695 | MainThread   | [DEBUG   ] | <module>            |: debug
2024-02-14 20:21:40,696 | MainThread   | [INFO    ] | <module>            |: info
2024-02-14 20:21:40,699 | MainThread   | [WARNING ] | <module>            |: warning
2024-02-14 20:21:40,700 | MainThread   | [ERROR   ] | <module>            |: error
2024-02-14 20:21:40,701 | MainThread   | [CRITICAL] | <module>            |: critical
2024-02-14 20:21:40,747 | MainThread   | [DEBUG   ] | __init__            |: Python Info: sys.version_info(major=3, minor=12, micro=2, releaselevel='final', serial=0)
2024-02-14 20:21:40,748 | MainThread   | [DEBUG   ] | __init__            |: System Info: Windows-10-10.0.19045-SP0
2024-02-14 20:21:40,749 | MainThread   | [INFO    ] | _connect            |: Looking for Artemis Nano Peripheral Device: c0:89:c1:6d:24:4b
2024-02-14 20:21:46,242 | MainThread   | [INFO    ] | _connect            |: Connected to c0:89:c1:6d:24:4b
2024-02-14 20:28:21,947 | MainThread   | [INFO    ] | disconnect_handler  |: Disconnected from C0:89:C1:6D:24:4B
2024-02-14 20:28:25,585 | MainThread   | [INFO    ] | exit_handler        |: Exiting...
2024-02-14 20:28:25,587 | MainThread   | [WARNING ] | exit_handler        |: Could not disconnect before exiting
2024-02-14 20:28:25,589 | MainThread   | [WARNING ] | exit_handler        |: Not connected to a BLE device
2024-02-14 20:28:25,678 | MainThread   | [WARNING ] | __del__             |: Could not delete BaseBLEController instance before exiting
2024-02-14 20:28:25,691 | MainThread   | [WARNING ] | __del__             |: [WinError 10038] An operation was attempted on something that is not a socket
2024-02-14 20:28:29,932 | MainThread   | [DEBUG   ] | <module>            |: debug
2024-02-14 20:28:29,933 | MainThread   | [INFO    ] | <module>            |: info
2024-02-14 20:28:29,936 | MainThread   | [WARNING ] | <module>            |: warning
2024-02-14 20:28:29,938 | MainThread   | [ERROR   ] | <module>            |: error
2024-02-14 20:28:29,939 | MainThread   | [CRITICAL] | <module>            |: critical
2024-02-14 20:28:30,568 | MainThread   | [DEBUG   ] | __init__            |: Python Info: sys.version_info(major=3, minor=12, micro=2, releaselevel='final', serial=0)
2024-02-14 20:28:30,569 | MainThread   | [DEBUG   ] | __init__            |: System Info: Windows-10-10.0.19045-SP0
2024-02-14 20:28:30,569 | MainThread   | [INFO    ] | _connect            |: Looking for Artemis Nano Peripheral Device: c0:89:c1:6d:24:4b
2024-02-14 20:28:37,489 | MainThread   | [INFO    ] | _connect            |: Connected to c0:89:c1:6d:24:4b
2024-02-14 20:30:28,188 | MainThread   | [INFO    ] | disconnect_handler  |: Disconnected from C0:89:C1:6D:24:4B
2024-02-14 20:30:31,238 | MainThread   | [INFO    ] | exit_handler        |: Exiting...
2024-02-14 20:30:31,240 | MainThread   | [WARNING ] | exit_handler        |: Could not disconnect before exiting
2024-02-14 20:30:31,241 | MainThread   | [WARNING ] | exit_handler        |: Not connected to a BLE device
2024-02-14 20:30:31,327 | MainThread   | [WARNING ] | __del__             |: Could not delete BaseBLEController instance before exiting
2024-02-14 20:30:31,339 | MainThread   | [WARNING ] | __del__             |: [WinError 10038] An operation was attempted on something that is not a socket
2024-02-14 20:30:34,845 | MainThread   | [DEBUG   ] | <module>            |: debug
2024-02-14 20:30:34,845 | MainThread   | [INFO    ] | <module>            |: info
2024-02-14 20:30:34,850 | MainThread   | [WARNING ] | <module>            |: warning
2024-02-14 20:30:34,851 | MainThread   | [ERROR   ] | <module>            |: error
2024-02-14 20:30:34,852 | MainThread   | [CRITICAL] | <module>            |: critical
2024-02-14 20:30:34,901 | MainThread   | [DEBUG   ] | __init__            |: Python Info: sys.version_info(major=3, minor=12, micro=2, releaselevel='final', serial=0)
2024-02-14 20:30:34,901 | MainThread   | [DEBUG   ] | __init__            |: System Info: Windows-10-10.0.19045-SP0
2024-02-14 20:30:34,902 | MainThread   | [INFO    ] | _connect            |: Looking for Artemis Nano Peripheral Device: c0:89:c1:6d:24:4b
2024-02-14 20:30:39,412 | MainThread   | [INFO    ] | _connect            |: Connected to c0:89:c1:6d:24:4b
2024-02-14 20:30:40,430 | MainThread   | [INFO    ] | exit_handler        |: Exiting...
2024-02-14 20:30:43,603 | MainThread   | [INFO    ] | disconnect_handler  |: Disconnected from C0:89:C1:6D:24:4B
2024-02-14 20:30:46,788 | MainThread   | [WARNING ] | exit_handler        |: Could not disconnect before exiting
2024-02-14 20:30:50,536 | MainThread   | [DEBUG   ] | <module>            |: debug
2024-02-14 20:30:50,536 | MainThread   | [INFO    ] | <module>            |: info
2024-02-14 20:30:50,540 | MainThread   | [WARNING ] | <module>            |: warning
2024-02-14 20:30:50,541 | MainThread   | [ERROR   ] | <module>            |: error
2024-02-14 20:30:50,543 | MainThread   | [CRITICAL] | <module>            |: critical
2024-02-14 20:30:50,595 | MainThread   | [DEBUG   ] | __init__            |: Python Info: sys.version_info(major=3, minor=12, micro=2, releaselevel='final', serial=0)
2024-02-14 20:30:50,596 | MainThread   | [DEBUG   ] | __init__            |: System Info: Windows-10-10.0.19045-SP0
2024-02-14 20:30:50,597 | MainThread   | [INFO    ] | _connect            |: Looking for Artemis Nano Peripheral Device: c0:89:c1:6d:24:4b
2024-02-14 20:30:55,372 | MainThread   | [INFO    ] | _connect            |: Connected to c0:89:c1:6d:24:4b
2024-02-14 20:30:56,639 | MainThread   | [INFO    ] | exit_handler        |: Exiting...
2024-02-14 20:30:59,804 | MainThread   | [INFO    ] | disconnect_handler  |: Disconnected from C0:89:C1:6D:24:4B
2024-02-14 20:32:56,779 | MainThread   | [WARNING ] | exit_handler        |: Could not disconnect before exiting
2024-02-14 20:32:56,783 | MainThread   | [WARNING ] | exit_handler        |: 
2024-02-14 20:32:56,879 | MainThread   | [WARNING ] | __del__             |: Could not delete BaseBLEController instance before exiting
2024-02-14 20:32:56,888 | MainThread   | [WARNING ] | __del__             |: [WinError 10038] An operation was attempted on something that is not a socket
2024-02-14 20:39:47,397 | MainThread   | [DEBUG   ] | <module>            |: debug
2024-02-14 20:39:47,398 | MainThread   | [INFO    ] | <module>            |: info
2024-02-14 20:39:47,402 | MainThread   | [WARNING ] | <module>            |: warning
2024-02-14 20:39:47,403 | MainThread   | [ERROR   ] | <module>            |: error
2024-02-14 20:39:47,404 | MainThread   | [CRITICAL] | <module>            |: critical
2024-02-14 20:39:47,454 | MainThread   | [DEBUG   ] | __init__            |: Python Info: sys.version_info(major=3, minor=12, micro=2, releaselevel='final', serial=0)
2024-02-14 20:39:47,454 | MainThread   | [DEBUG   ] | __init__            |: System Info: Windows-10-10.0.19045-SP0
2024-02-14 20:39:47,455 | MainThread   | [INFO    ] | _connect            |: Looking for Artemis Nano Peripheral Device: c0:89:c1:6d:24:4b
2024-02-14 20:39:52,022 | MainThread   | [INFO    ] | _connect            |: Connected to c0:89:c1:6d:24:4b
2024-02-14 20:39:53,034 | MainThread   | [INFO    ] | exit_handler        |: Exiting...
2024-02-14 20:39:56,154 | MainThread   | [INFO    ] | disconnect_handler  |: Disconnected from C0:89:C1:6D:24:4B
2024-02-14 20:39:58,537 | MainThread   | [WARNING ] | exit_handler        |: Could not disconnect before exiting
2024-02-14 20:40:02,738 | MainThread   | [DEBUG   ] | <module>            |: debug
2024-02-14 20:40:02,739 | MainThread   | [INFO    ] | <module>            |: info
2024-02-14 20:40:02,742 | MainThread   | [WARNING ] | <module>            |: warning
2024-02-14 20:40:02,743 | MainThread   | [ERROR   ] | <module>            |: error
2024-02-14 20:40:02,744 | MainThread   | [CRITICAL] | <module>            |: critical
2024-02-14 20:40:02,820 | MainThread   | [DEBUG   ] | __init__            |: Python Info: sys.version_info(major=3, minor=12, micro=2, releaselevel='final', serial=0)
2024-02-14 20:40:02,821 | MainThread   | [DEBUG   ] | __init__            |: System Info: Windows-10-10.0.19045-SP0
2024-02-14 20:40:02,821 | MainThread   | [INFO    ] | _connect            |: Looking for Artemis Nano Peripheral Device: c0:89:c1:6d:24:4b
2024-02-14 20:40:11,164 | MainThread   | [INFO    ] | _connect            |: Connected to c0:89:c1:6d:24:4b
2024-02-14 20:47:16,146 | MainThread   | [INFO    ] | disconnect_handler  |: Disconnected from C0:89:C1:6D:24:4B
2024-02-14 20:48:18,798 | MainThread   | [INFO    ] | exit_handler        |: Exiting...
2024-02-14 20:48:18,800 | MainThread   | [WARNING ] | exit_handler        |: Could not disconnect before exiting
2024-02-14 20:48:18,801 | MainThread   | [WARNING ] | exit_handler        |: Not connected to a BLE device
2024-02-14 20:48:19,144 | MainThread   | [WARNING ] | __del__             |: Could not delete BaseBLEController instance before exiting
2024-02-14 20:48:32,875 | MainThread   | [DEBUG   ] | <module>            |: debug
2024-02-14 20:48:32,875 | MainThread   | [INFO    ] | <module>            |: info
2024-02-14 20:48:32,879 | MainThread   | [WARNING ] | <module>            |: warning
2024-02-14 20:48:32,881 | MainThread   | [ERROR   ] | <module>            |: error
2024-02-14 20:48:32,882 | MainThread   | [CRITICAL] | <module>            |: critical
2024-02-14 20:48:32,934 | MainThread   | [DEBUG   ] | __init__            |: Python Info: sys.version_info(major=3, minor=12, micro=2, releaselevel='final', serial=0)
2024-02-14 20:48:32,934 | MainThread   | [DEBUG   ] | __init__            |: System Info: Windows-10-10.0.19045-SP0
2024-02-14 20:48:32,935 | MainThread   | [INFO    ] | _connect            |: Looking for Artemis Nano Peripheral Device: c0:89:c1:6d:24:4b
2024-02-14 20:48:39,192 | MainThread   | [INFO    ] | _connect            |: Connected to c0:89:c1:6d:24:4b
2024-02-14 20:48:40,311 | MainThread   | [DEBUG   ] | <module>            |: debug
2024-02-14 20:48:40,312 | MainThread   | [INFO    ] | <module>            |: info
2024-02-14 20:48:40,313 | MainThread   | [WARNING ] | <module>            |: warning
2024-02-14 20:48:40,315 | MainThread   | [ERROR   ] | <module>            |: error
2024-02-14 20:48:40,316 | MainThread   | [CRITICAL] | <module>            |: critical
2024-02-14 20:48:40,436 | MainThread   | [DEBUG   ] | <module>            |: debug
2024-02-14 20:48:40,436 | MainThread   | [INFO    ] | <module>            |: info
2024-02-14 20:48:40,437 | MainThread   | [WARNING ] | <module>            |: warning
2024-02-14 20:48:40,439 | MainThread   | [ERROR   ] | <module>            |: error
2024-02-14 20:48:40,440 | MainThread   | [CRITICAL] | <module>            |: critical
2024-02-14 20:48:40,578 | MainThread   | [DEBUG   ] | <module>            |: debug
2024-02-14 20:48:40,578 | MainThread   | [INFO    ] | <module>            |: info
2024-02-14 20:48:40,581 | MainThread   | [WARNING ] | <module>            |: warning
2024-02-14 20:48:40,583 | MainThread   | [ERROR   ] | <module>            |: error
2024-02-14 20:48:40,584 | MainThread   | [CRITICAL] | <module>            |: critical
2024-02-14 20:48:44,048 | MainThread   | [INFO    ] | _connect            |: Already connected to a BLE device
2024-02-14 21:05:43,947 | MainThread   | [INFO    ] | disconnect_handler  |: Disconnected from C0:89:C1:6D:24:4B
2024-03-06 06:18:54,172 | MainThread   | [DEBUG   ] | <module>            |: debug
2024-03-06 06:18:54,174 | MainThread   | [INFO    ] | <module>            |: info
2024-03-06 06:18:54,179 | MainThread   | [WARNING ] | <module>            |: warning
2024-03-06 06:18:54,180 | MainThread   | [ERROR   ] | <module>            |: error
2024-03-06 06:18:54,181 | MainThread   | [CRITICAL] | <module>            |: critical
2024-03-06 06:18:55,139 | MainThread   | [DEBUG   ] | __init__            |: Python Info: sys.version_info(major=3, minor=12, micro=2, releaselevel='final', serial=0)
2024-03-06 06:18:55,140 | MainThread   | [DEBUG   ] | __init__            |: System Info: Windows-10-10.0.19045-SP0
2024-03-06 06:18:55,141 | MainThread   | [INFO    ] | _connect            |: Looking for Artemis Nano Peripheral Device: c0:89:c1:6d:24:4b
2024-03-06 06:19:00,128 | MainThread   | [INFO    ] | _connect            |: Connected to c0:89:c1:6d:24:4b
2024-03-06 06:22:39,073 | MainThread   | [INFO    ] | disconnect_handler  |: Disconnected from C0:89:C1:6D:24:4B
2024-03-06 06:23:16,367 | MainThread   | [INFO    ] | exit_handler        |: Exiting...
2024-03-06 06:23:16,368 | MainThread   | [WARNING ] | exit_handler        |: Could not disconnect before exiting
2024-03-06 06:23:16,369 | MainThread   | [WARNING ] | exit_handler        |: Not connected to a BLE device
2024-03-06 06:23:16,453 | MainThread   | [WARNING ] | __del__             |: Could not delete BaseBLEController instance before exiting
2024-03-06 06:23:16,465 | MainThread   | [WARNING ] | __del__             |: [WinError 10038] An operation was attempted on something that is not a socket
2024-03-06 06:23:20,922 | MainThread   | [DEBUG   ] | <module>            |: debug
2024-03-06 06:23:20,923 | MainThread   | [INFO    ] | <module>            |: info
2024-03-06 06:23:20,925 | MainThread   | [WARNING ] | <module>            |: warning
2024-03-06 06:23:20,926 | MainThread   | [ERROR   ] | <module>            |: error
2024-03-06 06:23:20,927 | MainThread   | [CRITICAL] | <module>            |: critical
2024-03-06 06:23:21,416 | MainThread   | [DEBUG   ] | __init__            |: Python Info: sys.version_info(major=3, minor=12, micro=2, releaselevel='final', serial=0)
2024-03-06 06:23:21,417 | MainThread   | [DEBUG   ] | __init__            |: System Info: Windows-10-10.0.19045-SP0
2024-03-06 06:23:21,417 | MainThread   | [INFO    ] | _connect            |: Looking for Artemis Nano Peripheral Device: c0:89:c1:6d:24:4b
2024-03-06 06:23:25,933 | MainThread   | [INFO    ] | _connect            |: Connected to c0:89:c1:6d:24:4b
2024-03-06 07:23:53,420 | MainThread   | [INFO    ] | disconnect_handler  |: Disconnected from C0:89:C1:6D:24:4B
2024-03-06 07:23:56,379 | MainThread   | [DEBUG   ] | <module>            |: debug
2024-03-06 07:23:56,379 | MainThread   | [INFO    ] | <module>            |: info
2024-03-06 07:23:56,380 | MainThread   | [WARNING ] | <module>            |: warning
2024-03-06 07:23:56,381 | MainThread   | [ERROR   ] | <module>            |: error
2024-03-06 07:23:56,381 | MainThread   | [CRITICAL] | <module>            |: critical
2024-03-06 07:23:56,945 | MainThread   | [INFO    ] | _connect            |: Looking for Artemis Nano Peripheral Device: c0:89:c1:6d:24:4b
2024-03-06 07:24:01,397 | MainThread   | [INFO    ] | _connect            |: Connected to c0:89:c1:6d:24:4b
2024-03-06 07:32:33,988 | MainThread   | [INFO    ] | disconnect_handler  |: Disconnected from C0:89:C1:6D:24:4B
2024-03-06 07:32:44,115 | MainThread   | [INFO    ] | exit_handler        |: Exiting...
2024-03-06 07:32:44,117 | MainThread   | [WARNING ] | exit_handler        |: Could not disconnect before exiting
2024-03-06 07:32:44,118 | MainThread   | [WARNING ] | exit_handler        |: Not connected to a BLE device
2024-03-06 07:32:44,240 | MainThread   | [WARNING ] | __del__             |: Could not delete BaseBLEController instance before exiting
2024-03-06 07:32:44,250 | MainThread   | [WARNING ] | __del__             |: [WinError 10038] An operation was attempted on something that is not a socket
2024-03-06 07:32:47,898 | MainThread   | [DEBUG   ] | <module>            |: debug
2024-03-06 07:32:47,898 | MainThread   | [INFO    ] | <module>            |: info
2024-03-06 07:32:47,901 | MainThread   | [WARNING ] | <module>            |: warning
2024-03-06 07:32:47,902 | MainThread   | [ERROR   ] | <module>            |: error
2024-03-06 07:32:47,902 | MainThread   | [CRITICAL] | <module>            |: critical
2024-03-06 07:32:49,234 | MainThread   | [DEBUG   ] | __init__            |: Python Info: sys.version_info(major=3, minor=12, micro=2, releaselevel='final', serial=0)
2024-03-06 07:32:49,234 | MainThread   | [DEBUG   ] | __init__            |: System Info: Windows-10-10.0.19045-SP0
2024-03-06 07:32:49,235 | MainThread   | [INFO    ] | _connect            |: Looking for Artemis Nano Peripheral Device: c0:89:c1:6d:24:4b
2024-03-06 07:32:53,907 | MainThread   | [INFO    ] | _connect            |: Connected to c0:89:c1:6d:24:4b
2024-03-06 07:56:08,333 | MainThread   | [INFO    ] | disconnect_handler  |: Disconnected from C0:89:C1:6D:24:4B
2024-03-06 07:56:12,821 | MainThread   | [INFO    ] | exit_handler        |: Exiting...
2024-03-06 07:56:12,822 | MainThread   | [WARNING ] | exit_handler        |: Could not disconnect before exiting
2024-03-06 07:56:12,823 | MainThread   | [WARNING ] | exit_handler        |: Not connected to a BLE device
2024-03-06 07:56:12,929 | MainThread   | [WARNING ] | __del__             |: Could not delete BaseBLEController instance before exiting
2024-03-06 07:56:12,937 | MainThread   | [WARNING ] | __del__             |: [WinError 10038] An operation was attempted on something that is not a socket
2024-03-06 07:56:16,952 | MainThread   | [DEBUG   ] | <module>            |: debug
2024-03-06 07:56:16,953 | MainThread   | [INFO    ] | <module>            |: info
2024-03-06 07:56:16,955 | MainThread   | [WARNING ] | <module>            |: warning
2024-03-06 07:56:16,956 | MainThread   | [ERROR   ] | <module>            |: error
2024-03-06 07:56:16,956 | MainThread   | [CRITICAL] | <module>            |: critical
2024-03-06 07:56:17,808 | MainThread   | [DEBUG   ] | __init__            |: Python Info: sys.version_info(major=3, minor=12, micro=2, releaselevel='final', serial=0)
2024-03-06 07:56:17,808 | MainThread   | [DEBUG   ] | __init__            |: System Info: Windows-10-10.0.19045-SP0
2024-03-06 07:56:17,808 | MainThread   | [INFO    ] | _connect            |: Looking for Artemis Nano Peripheral Device: c0:89:c1:6d:24:4b
2024-03-06 07:56:22,433 | MainThread   | [INFO    ] | _connect            |: Connected to c0:89:c1:6d:24:4b
2024-03-06 13:36:08,675 | MainThread   | [INFO    ] | exit_handler        |: Exiting...
2024-03-06 13:36:08,765 | MainThread   | [WARNING ] | exit_handler        |: Could not disconnect before exiting
2024-03-06 13:36:08,766 | MainThread   | [WARNING ] | exit_handler        |: Event loop stopped before Future completed.
2024-03-06 13:36:08,931 | MainThread   | [WARNING ] | __del__             |: Could not delete BaseBLEController instance before exiting
2024-03-06 13:36:08,943 | MainThread   | [WARNING ] | __del__             |: [WinError 10038] An operation was attempted on something that is not a socket
2024-03-06 13:36:18,925 | MainThread   | [DEBUG   ] | <module>            |: debug
2024-03-06 13:36:18,925 | MainThread   | [INFO    ] | <module>            |: info
2024-03-06 13:36:18,927 | MainThread   | [WARNING ] | <module>            |: warning
2024-03-06 13:36:18,928 | MainThread   | [ERROR   ] | <module>            |: error
2024-03-06 13:36:18,929 | MainThread   | [CRITICAL] | <module>            |: critical
2024-03-06 13:36:19,454 | MainThread   | [DEBUG   ] | __init__            |: Python Info: sys.version_info(major=3, minor=12, micro=2, releaselevel='final', serial=0)
2024-03-06 13:36:19,454 | MainThread   | [DEBUG   ] | __init__            |: System Info: Windows-10-10.0.19045-SP0
2024-03-06 13:36:19,455 | MainThread   | [INFO    ] | _connect            |: Looking for Artemis Nano Peripheral Device: c0:89:c1:6d:24:4b
2024-03-06 13:36:24,775 | MainThread   | [INFO    ] | _connect            |: Connected to c0:89:c1:6d:24:4b
2024-03-06 14:36:09,186 | MainThread   | [INFO    ] | disconnect_handler  |: Disconnected from C0:89:C1:6D:24:4B
2024-03-06 14:37:35,568 | MainThread   | [INFO    ] | exit_handler        |: Exiting...
2024-03-06 14:37:35,570 | MainThread   | [WARNING ] | exit_handler        |: Could not disconnect before exiting
2024-03-06 14:37:35,571 | MainThread   | [WARNING ] | exit_handler        |: Not connected to a BLE device
2024-03-06 14:37:40,263 | MainThread   | [DEBUG   ] | <module>            |: debug
2024-03-06 14:37:40,263 | MainThread   | [INFO    ] | <module>            |: info
2024-03-06 14:37:40,268 | MainThread   | [WARNING ] | <module>            |: warning
2024-03-06 14:37:40,269 | MainThread   | [ERROR   ] | <module>            |: error
2024-03-06 14:37:40,269 | MainThread   | [CRITICAL] | <module>            |: critical
2024-03-06 14:37:40,793 | MainThread   | [DEBUG   ] | __init__            |: Python Info: sys.version_info(major=3, minor=12, micro=2, releaselevel='final', serial=0)
2024-03-06 14:37:40,794 | MainThread   | [DEBUG   ] | __init__            |: System Info: Windows-10-10.0.19045-SP0
2024-03-06 14:37:40,794 | MainThread   | [INFO    ] | _connect            |: Looking for Artemis Nano Peripheral Device: c0:89:c1:6d:24:4b
2024-03-06 14:37:45,522 | MainThread   | [INFO    ] | _connect            |: Connected to c0:89:c1:6d:24:4b
2024-03-06 15:23:53,313 | MainThread   | [INFO    ] | disconnect_handler  |: Disconnected from C0:89:C1:6D:24:4B
2024-03-12 04:19:47,267 | MainThread   | [DEBUG   ] | <module>            |: debug
2024-03-12 04:19:47,270 | MainThread   | [INFO    ] | <module>            |: info
2024-03-12 04:19:47,279 | MainThread   | [WARNING ] | <module>            |: warning
2024-03-12 04:19:47,281 | MainThread   | [ERROR   ] | <module>            |: error
2024-03-12 04:19:47,282 | MainThread   | [CRITICAL] | <module>            |: critical
2024-03-12 04:22:30,014 | MainThread   | [DEBUG   ] | __init__            |: Python Info: sys.version_info(major=3, minor=12, micro=2, releaselevel='final', serial=0)
2024-03-12 04:22:30,014 | MainThread   | [DEBUG   ] | __init__            |: System Info: Windows-10-10.0.19045-SP0
2024-03-12 04:22:30,015 | MainThread   | [INFO    ] | _connect            |: Looking for Artemis Nano Peripheral Device: c0:89:c1:6d:24:4b
2024-03-12 04:22:34,603 | MainThread   | [INFO    ] | _connect            |: Connected to c0:89:c1:6d:24:4b
2024-03-12 04:24:07,300 | MainThread   | [INFO    ] | disconnect_handler  |: Disconnected from C0:89:C1:6D:24:4B
