2024-04-19 16:54:59,024 | MainThread   | [CRITICAL] | <module>            |: critical
2024-04-19 16:54:59,028 | MainThread   | [DEBUG   ] | __init__            |: Python Info: sys.version_info(major=3, minor=12, micro=3, releaselevel='final', serial=0)
2024-04-19 16:54:59,028 | MainThread   | [DEBUG   ] | __init__            |: System Info: Windows-10-10.0.19045-SP0
2024-04-19 16:55:01,629 | MainThread   | [INFO    ] | _connect            |: Looking for Artemis Nano Peripheral Device: c0:89:c1:6d:24:4b
2024-04-19 16:55:06,166 | MainThread   | [INFO    ] | _connect            |: Connected to c0:89:c1:6d:24:4b
2024-04-19 17:07:02,403 | MainThread   | [INFO    ] | disconnect_handler  |: Disconnected from C0:89:C1:6D:24:4B
2024-04-19 17:56:00,490 | MainThread   | [INFO    ] | exit_handler        |: Exiting...
2024-04-19 17:56:00,493 | MainThread   | [WARNING ] | exit_handler        |: Could not disconnect before exiting
2024-04-19 17:56:00,494 | MainThread   | [WARNING ] | exit_handler        |: Not connected to a BLE device
2024-04-19 17:56:00,598 | MainThread   | [WARNING ] | __del__             |: Could not delete BaseBLEController instance before exiting
2024-04-19 17:56:00,613 | MainThread   | [WARNING ] | __del__             |: [WinError 10038] An operation was attempted on something that is not a socket
2024-04-19 17:56:15,203 | MainThread   | [DEBUG   ] | <module>            |: debug
2024-04-19 17:56:15,203 | MainThread   | [INFO    ] | <module>            |: info
2024-04-19 17:56:15,205 | MainThread   | [WARNING ] | <module>            |: warning
2024-04-19 17:56:15,206 | MainThread   | [ERROR   ] | <module>            |: error
2024-04-19 17:56:15,206 | MainThread   | [CRITICAL] | <module>            |: critical
2024-04-19 17:56:15,208 | MainThread   | [DEBUG   ] | __init__            |: Python Info: sys.version_info(major=3, minor=12, micro=3, releaselevel='final', serial=0)
2024-04-19 17:56:15,208 | MainThread   | [DEBUG   ] | __init__            |: System Info: Windows-10-10.0.19045-SP0
2024-04-19 17:56:18,879 | MainThread   | [INFO    ] | _connect            |: Looking for Artemis Nano Peripheral Device: c0:89:c1:6d:24:4b
2024-04-19 17:56:45,528 | MainThread   | [INFO    ] | _connect            |: Looking for Artemis Nano Peripheral Device: c0:89:c1:6d:24:4b
2024-04-19 17:56:50,097 | MainThread   | [INFO    ] | _connect            |: Connected to c0:89:c1:6d:24:4b
2024-04-19 18:33:39,896 | MainThread   | [INFO    ] | disconnect_handler  |: Disconnected from C0:89:C1:6D:24:4B
2024-04-20 00:58:49,020 | MainThread   | [INFO    ] | exit_handler        |: Exiting...
2024-04-20 00:58:49,027 | MainThread   | [WARNING ] | exit_handler        |: Could not disconnect before exiting
2024-04-20 00:58:49,028 | MainThread   | [WARNING ] | exit_handler        |: Not connected to a BLE device
2024-04-20 00:58:52,910 | MainThread   | [DEBUG   ] | <module>            |: debug
2024-04-20 00:58:52,910 | MainThread   | [INFO    ] | <module>            |: info
2024-04-20 00:58:52,913 | MainThread   | [WARNING ] | <module>            |: warning
2024-04-20 00:58:52,913 | MainThread   | [ERROR   ] | <module>            |: error
2024-04-20 00:58:52,914 | MainThread   | [CRITICAL] | <module>            |: critical
2024-04-20 00:58:52,915 | MainThread   | [DEBUG   ] | __init__            |: Python Info: sys.version_info(major=3, minor=12, micro=3, releaselevel='final', serial=0)
2024-04-20 00:58:52,915 | MainThread   | [DEBUG   ] | __init__            |: System Info: Windows-10-10.0.19045-SP0
2024-04-20 00:59:18,607 | MainThread   | [INFO    ] | _connect            |: Looking for Artemis Nano Peripheral Device: c0:89:c1:6d:24:4b
2024-04-20 00:59:23,693 | MainThread   | [INFO    ] | _connect            |: Connected to c0:89:c1:6d:24:4b
2024-04-20 01:21:41,660 | MainThread   | [INFO    ] | disconnect_handler  |: Disconnected from C0:89:C1:6D:24:4B
2024-04-20 01:24:17,413 | MainThread   | [INFO    ] | _connect            |: Looking for Artemis Nano Peripheral Device: c0:89:c1:6d:24:4b
2024-04-20 01:24:22,040 | MainThread   | [INFO    ] | _connect            |: Connected to c0:89:c1:6d:24:4b
2024-04-20 01:44:09,406 | MainThread   | [INFO    ] | disconnect_handler  |: Disconnected from C0:89:C1:6D:24:4B
2024-04-20 02:43:45,299 | MainThread   | [INFO    ] | exit_handler        |: Exiting...
2024-04-20 02:43:45,305 | MainThread   | [WARNING ] | exit_handler        |: Could not disconnect before exiting
2024-04-20 02:43:45,306 | MainThread   | [WARNING ] | exit_handler        |: Not connected to a BLE device
2024-04-20 02:43:45,491 | MainThread   | [WARNING ] | __del__             |: Could not delete BaseBLEController instance before exiting
2024-04-20 02:43:45,507 | MainThread   | [WARNING ] | __del__             |: [WinError 10038] An operation was attempted on something that is not a socket
2024-04-20 02:43:49,286 | MainThread   | [DEBUG   ] | <module>            |: debug
2024-04-20 02:43:49,287 | MainThread   | [INFO    ] | <module>            |: info
2024-04-20 02:43:49,289 | MainThread   | [WARNING ] | <module>            |: warning
2024-04-20 02:43:49,289 | MainThread   | [ERROR   ] | <module>            |: error
2024-04-20 02:43:49,290 | MainThread   | [CRITICAL] | <module>            |: critical
2024-04-20 02:43:49,291 | MainThread   | [DEBUG   ] | __init__            |: Python Info: sys.version_info(major=3, minor=12, micro=3, releaselevel='final', serial=0)
2024-04-20 02:43:49,291 | MainThread   | [DEBUG   ] | __init__            |: System Info: Windows-10-10.0.19045-SP0
2024-04-20 02:43:52,248 | MainThread   | [INFO    ] | _connect            |: Looking for Artemis Nano Peripheral Device: c0:89:c1:6d:24:4b
2024-04-20 02:43:56,572 | MainThread   | [INFO    ] | _connect            |: Connected to c0:89:c1:6d:24:4b
2024-04-20 03:20:57,629 | MainThread   | [INFO    ] | _connect            |: Already connected to a BLE device
2024-04-20 03:20:59,498 | MainThread   | [INFO    ] | disconnect_handler  |: Disconnected from C0:89:C1:6D:24:4B
2024-04-20 03:21:12,514 | MainThread   | [INFO    ] | _connect            |: Looking for Artemis Nano Peripheral Device: c0:89:c1:6d:24:4b
2024-04-20 03:21:17,075 | MainThread   | [INFO    ] | _connect            |: Connected to c0:89:c1:6d:24:4b
2024-04-20 03:59:29,603 | MainThread   | [INFO    ] | disconnect_handler  |: Disconnected from C0:89:C1:6D:24:4B
2024-04-20 03:59:31,436 | MainThread   | [INFO    ] | exit_handler        |: Exiting...
2024-04-20 03:59:31,437 | MainThread   | [WARNING ] | exit_handler        |: Could not disconnect before exiting
2024-04-20 03:59:31,438 | MainThread   | [WARNING ] | exit_handler        |: Not connected to a BLE device
2024-04-20 03:59:31,595 | MainThread   | [WARNING ] | __del__             |: Could not delete BaseBLEController instance before exiting
2024-04-20 03:59:31,602 | MainThread   | [WARNING ] | __del__             |: [WinError 10038] An operation was attempted on something that is not a socket
2024-04-20 03:59:40,808 | MainThread   | [DEBUG   ] | <module>            |: debug
2024-04-20 03:59:40,808 | MainThread   | [INFO    ] | <module>            |: info
2024-04-20 03:59:40,810 | MainThread   | [WARNING ] | <module>            |: warning
2024-04-20 03:59:40,811 | MainThread   | [ERROR   ] | <module>            |: error
2024-04-20 03:59:40,811 | MainThread   | [CRITICAL] | <module>            |: critical
2024-04-20 03:59:40,813 | MainThread   | [DEBUG   ] | __init__            |: Python Info: sys.version_info(major=3, minor=12, micro=3, releaselevel='final', serial=0)
2024-04-20 03:59:40,813 | MainThread   | [DEBUG   ] | __init__            |: System Info: Windows-10-10.0.19045-SP0
2024-04-20 03:59:42,013 | MainThread   | [INFO    ] | _connect            |: Looking for Artemis Nano Peripheral Device: c0:89:c1:6d:24:4b
2024-04-20 03:59:46,882 | MainThread   | [INFO    ] | _connect            |: Connected to c0:89:c1:6d:24:4b
2024-04-20 04:27:10,316 | MainThread   | [INFO    ] | disconnect_handler  |: Disconnected from C0:89:C1:6D:24:4B
2024-04-20 04:27:57,350 | MainThread   | [INFO    ] | exit_handler        |: Exiting...
2024-04-20 04:27:57,352 | MainThread   | [WARNING ] | exit_handler        |: Could not disconnect before exiting
2024-04-20 04:27:57,353 | MainThread   | [WARNING ] | exit_handler        |: Not connected to a BLE device
2024-04-20 04:27:57,455 | MainThread   | [WARNING ] | __del__             |: Could not delete BaseBLEController instance before exiting
2024-04-20 04:27:57,464 | MainThread   | [WARNING ] | __del__             |: [WinError 10038] An operation was attempted on something that is not a socket
2024-04-20 04:28:01,209 | MainThread   | [DEBUG   ] | <module>            |: debug
2024-04-20 04:28:01,209 | MainThread   | [INFO    ] | <module>            |: info
2024-04-20 04:28:01,211 | MainThread   | [WARNING ] | <module>            |: warning
2024-04-20 04:28:01,212 | MainThread   | [ERROR   ] | <module>            |: error
2024-04-20 04:28:01,213 | MainThread   | [CRITICAL] | <module>            |: critical
2024-04-20 04:28:01,214 | MainThread   | [DEBUG   ] | __init__            |: Python Info: sys.version_info(major=3, minor=12, micro=3, releaselevel='final', serial=0)
2024-04-20 04:28:01,214 | MainThread   | [DEBUG   ] | __init__            |: System Info: Windows-10-10.0.19045-SP0
2024-04-20 04:28:01,265 | MainThread   | [INFO    ] | _connect            |: Looking for Artemis Nano Peripheral Device: c0:89:c1:6d:24:4b
2024-04-20 04:28:05,754 | MainThread   | [INFO    ] | _connect            |: Connected to c0:89:c1:6d:24:4b
2024-04-20 04:28:06,764 | MainThread   | [INFO    ] | exit_handler        |: Exiting...
2024-04-20 04:28:09,891 | MainThread   | [INFO    ] | disconnect_handler  |: Disconnected from C0:89:C1:6D:24:4B
2024-04-20 04:29:01,457 | MainThread   | [WARNING ] | exit_handler        |: Could not disconnect before exiting
2024-04-20 04:29:01,549 | MainThread   | [WARNING ] | __del__             |: Could not delete BaseBLEController instance before exiting
2024-04-20 04:29:01,555 | MainThread   | [WARNING ] | __del__             |: [WinError 10038] An operation was attempted on something that is not a socket
2024-04-20 13:08:35,065 | MainThread   | [DEBUG   ] | <module>            |: debug
2024-04-20 13:08:35,065 | MainThread   | [INFO    ] | <module>            |: info
2024-04-20 13:08:35,068 | MainThread   | [WARNING ] | <module>            |: warning
2024-04-20 13:08:35,068 | MainThread   | [ERROR   ] | <module>            |: error
2024-04-20 13:08:35,069 | MainThread   | [CRITICAL] | <module>            |: critical
2024-04-20 13:08:35,075 | MainThread   | [DEBUG   ] | __init__            |: Python Info: sys.version_info(major=3, minor=12, micro=3, releaselevel='final', serial=0)
2024-04-20 13:08:35,075 | MainThread   | [DEBUG   ] | __init__            |: System Info: Windows-10-10.0.19045-SP0
2024-04-20 13:08:38,581 | MainThread   | [INFO    ] | _connect            |: Looking for Artemis Nano Peripheral Device: c0:89:c1:6d:24:4b
2024-04-20 13:08:43,569 | MainThread   | [INFO    ] | _connect            |: Connected to c0:89:c1:6d:24:4b
2024-04-20 13:18:13,028 | MainThread   | [INFO    ] | disconnect_handler  |: Disconnected from C0:89:C1:6D:24:4B
2024-04-20 13:20:02,527 | MainThread   | [INFO    ] | exit_handler        |: Exiting...
2024-04-20 13:20:02,528 | MainThread   | [WARNING ] | exit_handler        |: Could not disconnect before exiting
2024-04-20 13:20:02,529 | MainThread   | [WARNING ] | exit_handler        |: Not connected to a BLE device
2024-04-20 13:20:02,694 | MainThread   | [WARNING ] | __del__             |: Could not delete BaseBLEController instance before exiting
2024-04-20 13:20:02,773 | MainThread   | [WARNING ] | __del__             |: [WinError 10038] An operation was attempted on something that is not a socket
2024-04-20 13:20:06,446 | MainThread   | [DEBUG   ] | <module>            |: debug
2024-04-20 13:20:06,446 | MainThread   | [INFO    ] | <module>            |: info
2024-04-20 13:20:06,448 | MainThread   | [WARNING ] | <module>            |: warning
2024-04-20 13:20:06,449 | MainThread   | [ERROR   ] | <module>            |: error
2024-04-20 13:20:06,450 | MainThread   | [CRITICAL] | <module>            |: critical
2024-04-20 13:20:06,452 | MainThread   | [DEBUG   ] | __init__            |: Python Info: sys.version_info(major=3, minor=12, micro=3, releaselevel='final', serial=0)
2024-04-20 13:20:06,452 | MainThread   | [DEBUG   ] | __init__            |: System Info: Windows-10-10.0.19045-SP0
2024-04-20 13:20:13,069 | MainThread   | [INFO    ] | _connect            |: Looking for Artemis Nano Peripheral Device: c0:89:c1:6d:24:4b
2024-04-20 13:20:18,549 | MainThread   | [INFO    ] | _connect            |: Connected to c0:89:c1:6d:24:4b
2024-04-20 14:05:10,085 | MainThread   | [INFO    ] | disconnect_handler  |: Disconnected from C0:89:C1:6D:24:4B
2024-04-20 14:05:23,553 | MainThread   | [INFO    ] | _connect            |: Looking for Artemis Nano Peripheral Device: c0:89:c1:6d:24:4b
2024-04-20 14:05:28,322 | MainThread   | [INFO    ] | _connect            |: Connected to c0:89:c1:6d:24:4b
2024-04-20 14:31:48,334 | MainThread   | [INFO    ] | disconnect_handler  |: Disconnected from C0:89:C1:6D:24:4B
2024-04-20 14:38:33,953 | MainThread   | [INFO    ] | _connect            |: Looking for Artemis Nano Peripheral Device: c0:89:c1:6d:24:4b
2024-04-20 14:38:38,500 | MainThread   | [INFO    ] | _connect            |: Connected to c0:89:c1:6d:24:4b
2024-04-20 16:16:40,642 | MainThread   | [INFO    ] | exit_handler        |: Exiting...
2024-04-20 16:16:40,729 | MainThread   | [WARNING ] | exit_handler        |: Could not disconnect before exiting
2024-04-20 16:16:40,730 | MainThread   | [WARNING ] | exit_handler        |: Event loop stopped before Future completed.
2024-04-20 16:16:41,007 | MainThread   | [WARNING ] | __del__             |: Could not delete BaseBLEController instance before exiting
2024-04-20 16:16:41,034 | MainThread   | [WARNING ] | __del__             |: [WinError 10038] An operation was attempted on something that is not a socket
2024-04-20 16:16:47,195 | MainThread   | [DEBUG   ] | <module>            |: debug
2024-04-20 16:16:47,196 | MainThread   | [INFO    ] | <module>            |: info
2024-04-20 16:16:47,199 | MainThread   | [WARNING ] | <module>            |: warning
2024-04-20 16:16:47,200 | MainThread   | [ERROR   ] | <module>            |: error
2024-04-20 16:16:47,201 | MainThread   | [CRITICAL] | <module>            |: critical
2024-04-20 16:16:47,202 | MainThread   | [DEBUG   ] | __init__            |: Python Info: sys.version_info(major=3, minor=12, micro=3, releaselevel='final', serial=0)
2024-04-20 16:16:47,203 | MainThread   | [DEBUG   ] | __init__            |: System Info: Windows-10-10.0.19045-SP0
2024-04-20 16:16:51,799 | MainThread   | [INFO    ] | _connect            |: Looking for Artemis Nano Peripheral Device: c0:89:c1:6d:24:4b
2024-04-20 16:17:01,357 | MainThread   | [INFO    ] | _connect            |: Connected to c0:89:c1:6d:24:4b
2024-04-20 16:27:30,174 | MainThread   | [INFO    ] | disconnect_handler  |: Disconnected from C0:89:C1:6D:24:4B
2024-04-20 16:28:23,940 | MainThread   | [INFO    ] | _connect            |: Looking for Artemis Nano Peripheral Device: c0:89:c1:6d:24:4b
2024-04-20 16:28:28,611 | MainThread   | [INFO    ] | _connect            |: Connected to c0:89:c1:6d:24:4b
2024-04-20 17:15:17,688 | MainThread   | [INFO    ] | disconnect_handler  |: Disconnected from C0:89:C1:6D:24:4B
2024-04-28 18:15:16,914 | MainThread   | [DEBUG   ] | <module>            |: debug
2024-04-28 18:15:16,917 | MainThread   | [INFO    ] | <module>            |: info
2024-04-28 18:15:16,919 | MainThread   | [WARNING ] | <module>            |: warning
2024-04-28 18:15:16,921 | MainThread   | [ERROR   ] | <module>            |: error
2024-04-28 18:15:16,921 | MainThread   | [CRITICAL] | <module>            |: critical
2024-04-28 18:15:19,872 | MainThread   | [INFO    ] | exit_handler        |: Exiting...
2024-04-28 18:15:19,882 | MainThread   | [WARNING ] | exit_handler        |: Could not disconnect before exiting
2024-04-28 18:15:19,884 | MainThread   | [WARNING ] | exit_handler        |: Not connected to a BLE device
2024-04-28 18:15:20,312 | MainThread   | [WARNING ] | __del__             |: Could not delete BaseBLEController instance before exiting
2024-04-28 18:15:20,402 | MainThread   | [WARNING ] | __del__             |: [WinError 10038] An operation was attempted on something that is not a socket
2024-04-28 18:15:24,676 | MainThread   | [DEBUG   ] | <module>            |: debug
2024-04-28 18:15:24,677 | MainThread   | [INFO    ] | <module>            |: info
2024-04-28 18:15:24,679 | MainThread   | [WARNING ] | <module>            |: warning
2024-04-28 18:15:24,679 | MainThread   | [ERROR   ] | <module>            |: error
2024-04-28 18:15:24,680 | MainThread   | [CRITICAL] | <module>            |: critical
2024-04-28 18:15:24,682 | MainThread   | [DEBUG   ] | __init__            |: Python Info: sys.version_info(major=3, minor=12, micro=3, releaselevel='final', serial=0)
2024-04-28 18:15:24,682 | MainThread   | [DEBUG   ] | __init__            |: System Info: Windows-10-10.0.19045-SP0
2024-04-28 18:15:26,927 | MainThread   | [INFO    ] | _connect            |: Looking for Artemis Nano Peripheral Device: c0:89:c1:6d:24:4b
2024-04-28 18:15:32,014 | MainThread   | [INFO    ] | _connect            |: Connected to c0:89:c1:6d:24:4b
2024-04-28 18:26:37,242 | MainThread   | [INFO    ] | disconnect_handler  |: Disconnected from C0:89:C1:6D:24:4B
2024-04-28 18:29:30,579 | MainThread   | [INFO    ] | exit_handler        |: Exiting...
2024-04-28 18:29:30,580 | MainThread   | [WARNING ] | exit_handler        |: Could not disconnect before exiting
2024-04-28 18:29:30,581 | MainThread   | [WARNING ] | exit_handler        |: Not connected to a BLE device
2024-04-28 18:29:30,676 | MainThread   | [WARNING ] | __del__             |: Could not delete BaseBLEController instance before exiting
2024-04-28 18:29:30,733 | MainThread   | [WARNING ] | __del__             |: [WinError 10038] An operation was attempted on something that is not a socket
2024-04-28 18:29:34,739 | MainThread   | [DEBUG   ] | <module>            |: debug
2024-04-28 18:29:34,739 | MainThread   | [INFO    ] | <module>            |: info
2024-04-28 18:29:34,742 | MainThread   | [WARNING ] | <module>            |: warning
2024-04-28 18:29:34,742 | MainThread   | [ERROR   ] | <module>            |: error
2024-04-28 18:29:34,743 | MainThread   | [CRITICAL] | <module>            |: critical
2024-04-28 18:29:34,745 | MainThread   | [DEBUG   ] | __init__            |: Python Info: sys.version_info(major=3, minor=12, micro=3, releaselevel='final', serial=0)
2024-04-28 18:29:34,745 | MainThread   | [DEBUG   ] | __init__            |: System Info: Windows-10-10.0.19045-SP0
2024-04-28 18:29:36,147 | MainThread   | [INFO    ] | _connect            |: Looking for Artemis Nano Peripheral Device: c0:89:c1:6d:24:4b
2024-04-28 18:29:40,850 | MainThread   | [INFO    ] | _connect            |: Connected to c0:89:c1:6d:24:4b
2024-04-28 18:55:02,413 | MainThread   | [INFO    ] | disconnect_handler  |: Disconnected from C0:89:C1:6D:24:4B
2024-04-28 18:56:38,313 | MainThread   | [INFO    ] | exit_handler        |: Exiting...
2024-04-28 18:56:38,314 | MainThread   | [WARNING ] | exit_handler        |: Could not disconnect before exiting
2024-04-28 18:56:38,315 | MainThread   | [WARNING ] | exit_handler        |: Not connected to a BLE device
2024-04-28 18:56:38,443 | MainThread   | [WARNING ] | __del__             |: Could not delete BaseBLEController instance before exiting
2024-04-28 18:56:38,456 | MainThread   | [WARNING ] | __del__             |: [WinError 10038] An operation was attempted on something that is not a socket
2024-04-28 18:56:42,161 | MainThread   | [DEBUG   ] | <module>            |: debug
2024-04-28 18:56:42,161 | MainThread   | [INFO    ] | <module>            |: info
2024-04-28 18:56:42,163 | MainThread   | [WARNING ] | <module>            |: warning
2024-04-28 18:56:42,164 | MainThread   | [ERROR   ] | <module>            |: error
2024-04-28 18:56:42,165 | MainThread   | [CRITICAL] | <module>            |: critical
2024-04-28 18:56:42,166 | MainThread   | [DEBUG   ] | __init__            |: Python Info: sys.version_info(major=3, minor=12, micro=3, releaselevel='final', serial=0)
2024-04-28 18:56:42,166 | MainThread   | [DEBUG   ] | __init__            |: System Info: Windows-10-10.0.19045-SP0
2024-04-28 18:56:42,220 | MainThread   | [INFO    ] | _connect            |: Looking for Artemis Nano Peripheral Device: c0:89:c1:6d:24:4b
2024-04-28 18:56:47,174 | MainThread   | [INFO    ] | _connect            |: Connected to c0:89:c1:6d:24:4b
2024-04-28 18:56:48,212 | MainThread   | [INFO    ] | exit_handler        |: Exiting...
2024-04-28 18:56:51,370 | MainThread   | [INFO    ] | disconnect_handler  |: Disconnected from C0:89:C1:6D:24:4B
2024-04-28 18:57:05,144 | MainThread   | [WARNING ] | exit_handler        |: Could not disconnect before exiting
2024-04-28 18:57:05,239 | MainThread   | [WARNING ] | __del__             |: Could not delete BaseBLEController instance before exiting
2024-04-28 18:57:05,246 | MainThread   | [WARNING ] | __del__             |: [WinError 10038] An operation was attempted on something that is not a socket
2024-04-28 18:57:20,006 | MainThread   | [DEBUG   ] | <module>            |: debug
2024-04-28 18:57:20,006 | MainThread   | [INFO    ] | <module>            |: info
2024-04-28 18:57:20,008 | MainThread   | [WARNING ] | <module>            |: warning
2024-04-28 18:57:20,009 | MainThread   | [ERROR   ] | <module>            |: error
2024-04-28 18:57:20,009 | MainThread   | [CRITICAL] | <module>            |: critical
2024-04-28 18:57:20,011 | MainThread   | [DEBUG   ] | __init__            |: Python Info: sys.version_info(major=3, minor=12, micro=3, releaselevel='final', serial=0)
2024-04-28 18:57:20,011 | MainThread   | [DEBUG   ] | __init__            |: System Info: Windows-10-10.0.19045-SP0
2024-04-28 18:57:20,508 | MainThread   | [INFO    ] | _connect            |: Looking for Artemis Nano Peripheral Device: c0:89:c1:6d:24:4b
2024-04-28 18:57:25,513 | MainThread   | [INFO    ] | _connect            |: Connected to c0:89:c1:6d:24:4b
2024-04-28 22:04:26,596 | MainThread   | [INFO    ] | exit_handler        |: Exiting...
2024-04-28 22:04:26,675 | MainThread   | [WARNING ] | exit_handler        |: Could not disconnect before exiting
2024-04-28 22:04:26,675 | MainThread   | [WARNING ] | exit_handler        |: Event loop stopped before Future completed.
2024-04-28 22:04:26,879 | MainThread   | [WARNING ] | __del__             |: Could not delete BaseBLEController instance before exiting
2024-04-28 22:04:26,949 | MainThread   | [WARNING ] | __del__             |: [WinError 10038] An operation was attempted on something that is not a socket
2024-04-28 22:04:32,073 | MainThread   | [DEBUG   ] | <module>            |: debug
2024-04-28 22:04:32,074 | MainThread   | [INFO    ] | <module>            |: info
2024-04-28 22:04:32,076 | MainThread   | [WARNING ] | <module>            |: warning
2024-04-28 22:04:32,077 | MainThread   | [ERROR   ] | <module>            |: error
2024-04-28 22:04:32,078 | MainThread   | [CRITICAL] | <module>            |: critical
2024-04-28 22:04:32,083 | MainThread   | [DEBUG   ] | __init__            |: Python Info: sys.version_info(major=3, minor=12, micro=3, releaselevel='final', serial=0)
2024-04-28 22:04:32,084 | MainThread   | [DEBUG   ] | __init__            |: System Info: Windows-10-10.0.19045-SP0
2024-04-28 22:04:33,038 | MainThread   | [INFO    ] | _connect            |: Looking for Artemis Nano Peripheral Device: c0:89:c1:6d:24:4b
2024-04-28 22:04:38,079 | MainThread   | [INFO    ] | _connect            |: Connected to c0:89:c1:6d:24:4b
2024-04-28 23:02:29,262 | MainThread   | [INFO    ] | disconnect_handler  |: Disconnected from C0:89:C1:6D:24:4B
2024-04-29 22:16:10,852 | MainThread   | [DEBUG   ] | <module>            |: debug
2024-04-29 22:16:10,853 | MainThread   | [INFO    ] | <module>            |: info
2024-04-29 22:16:10,855 | MainThread   | [WARNING ] | <module>            |: warning
2024-04-29 22:16:10,856 | MainThread   | [ERROR   ] | <module>            |: error
2024-04-29 22:16:10,857 | MainThread   | [CRITICAL] | <module>            |: critical
2024-04-29 22:16:10,863 | MainThread   | [DEBUG   ] | __init__            |: Python Info: sys.version_info(major=3, minor=12, micro=3, releaselevel='final', serial=0)
2024-04-29 22:16:10,863 | MainThread   | [DEBUG   ] | __init__            |: System Info: Windows-10-10.0.19045-SP0
2024-04-29 22:16:13,562 | MainThread   | [INFO    ] | _connect            |: Looking for Artemis Nano Peripheral Device: c0:89:c1:6d:24:4b
2024-04-29 22:16:18,350 | MainThread   | [INFO    ] | _connect            |: Connected to c0:89:c1:6d:24:4b
2024-04-29 22:23:46,738 | MainThread   | [INFO    ] | disconnect_handler  |: Disconnected from C0:89:C1:6D:24:4B
2024-04-29 23:44:55,512 | MainThread   | [DEBUG   ] | <module>            |: debug
2024-04-29 23:44:55,512 | MainThread   | [INFO    ] | <module>            |: info
2024-04-29 23:44:55,513 | MainThread   | [WARNING ] | <module>            |: warning
2024-04-29 23:44:55,513 | MainThread   | [ERROR   ] | <module>            |: error
2024-04-29 23:44:55,514 | MainThread   | [CRITICAL] | <module>            |: critical
2024-04-29 23:44:59,372 | MainThread   | [INFO    ] | exit_handler        |: Exiting...
2024-04-29 23:44:59,374 | MainThread   | [WARNING ] | exit_handler        |: Could not disconnect before exiting
2024-04-29 23:44:59,374 | MainThread   | [WARNING ] | exit_handler        |: Not connected to a BLE device
2024-04-29 23:44:59,468 | MainThread   | [WARNING ] | __del__             |: Could not delete BaseBLEController instance before exiting
2024-04-29 23:44:59,527 | MainThread   | [WARNING ] | __del__             |: [WinError 10038] An operation was attempted on something that is not a socket
2024-04-29 23:45:03,150 | MainThread   | [DEBUG   ] | <module>            |: debug
2024-04-29 23:45:03,150 | MainThread   | [INFO    ] | <module>            |: info
2024-04-29 23:45:03,152 | MainThread   | [WARNING ] | <module>            |: warning
2024-04-29 23:45:03,153 | MainThread   | [ERROR   ] | <module>            |: error
2024-04-29 23:45:03,154 | MainThread   | [CRITICAL] | <module>            |: critical
2024-04-29 23:45:03,155 | MainThread   | [DEBUG   ] | __init__            |: Python Info: sys.version_info(major=3, minor=12, micro=3, releaselevel='final', serial=0)
2024-04-29 23:45:03,155 | MainThread   | [DEBUG   ] | __init__            |: System Info: Windows-10-10.0.19045-SP0
2024-04-29 23:45:06,302 | MainThread   | [INFO    ] | _connect            |: Looking for Artemis Nano Peripheral Device: c0:89:c1:6d:24:4b
2024-04-29 23:45:11,312 | MainThread   | [INFO    ] | _connect            |: Connected to c0:89:c1:6d:24:4b
2024-04-30 00:05:56,938 | MainThread   | [INFO    ] | disconnect_handler  |: Disconnected from C0:89:C1:6D:24:4B
2024-04-30 00:06:08,098 | MainThread   | [INFO    ] | _connect            |: Looking for Artemis Nano Peripheral Device: c0:89:c1:6d:24:4b
2024-04-30 00:06:12,956 | MainThread   | [INFO    ] | _connect            |: Connected to c0:89:c1:6d:24:4b
2024-04-30 00:09:41,644 | MainThread   | [INFO    ] | disconnect_handler  |: Disconnected from C0:89:C1:6D:24:4B
2024-04-30 00:40:10,201 | MainThread   | [DEBUG   ] | <module>            |: debug
2024-04-30 00:40:10,201 | MainThread   | [INFO    ] | <module>            |: info
2024-04-30 00:40:10,202 | MainThread   | [WARNING ] | <module>            |: warning
2024-04-30 00:40:10,203 | MainThread   | [ERROR   ] | <module>            |: error
2024-04-30 00:40:10,204 | MainThread   | [CRITICAL] | <module>            |: critical
2024-04-30 00:40:11,077 | MainThread   | [INFO    ] | _connect            |: Looking for Artemis Nano Peripheral Device: c0:89:c1:6d:24:4b
2024-04-30 00:40:15,575 | MainThread   | [INFO    ] | _connect            |: Connected to c0:89:c1:6d:24:4b
2024-04-30 00:41:27,795 | MainThread   | [DEBUG   ] | <module>            |: debug
2024-04-30 00:41:27,795 | MainThread   | [INFO    ] | <module>            |: info
2024-04-30 00:41:27,797 | MainThread   | [WARNING ] | <module>            |: warning
2024-04-30 00:41:27,798 | MainThread   | [ERROR   ] | <module>            |: error
2024-04-30 00:41:27,800 | MainThread   | [CRITICAL] | <module>            |: critical
2024-04-30 01:59:24,431 | MainThread   | [INFO    ] | disconnect_handler  |: Disconnected from C0:89:C1:6D:24:4B
2024-04-30 02:02:14,568 | MainThread   | [INFO    ] | exit_handler        |: Exiting...
2024-04-30 02:02:14,570 | MainThread   | [WARNING ] | exit_handler        |: Could not disconnect before exiting
2024-04-30 02:02:14,571 | MainThread   | [WARNING ] | exit_handler        |: Not connected to a BLE device
2024-04-30 02:02:14,729 | MainThread   | [WARNING ] | __del__             |: Could not delete BaseBLEController instance before exiting
2024-04-30 02:02:14,738 | MainThread   | [WARNING ] | __del__             |: [WinError 10038] An operation was attempted on something that is not a socket
2024-04-30 02:02:18,343 | MainThread   | [DEBUG   ] | <module>            |: debug
2024-04-30 02:02:18,343 | MainThread   | [INFO    ] | <module>            |: info
2024-04-30 02:02:18,345 | MainThread   | [WARNING ] | <module>            |: warning
2024-04-30 02:02:18,346 | MainThread   | [ERROR   ] | <module>            |: error
2024-04-30 02:02:18,347 | MainThread   | [CRITICAL] | <module>            |: critical
2024-04-30 02:02:18,348 | MainThread   | [DEBUG   ] | __init__            |: Python Info: sys.version_info(major=3, minor=12, micro=3, releaselevel='final', serial=0)
2024-04-30 02:02:18,349 | MainThread   | [DEBUG   ] | __init__            |: System Info: Windows-10-10.0.19045-SP0
2024-04-30 02:02:18,394 | MainThread   | [INFO    ] | _connect            |: Looking for Artemis Nano Peripheral Device: c0:89:c1:6d:24:4b
2024-04-30 02:02:23,710 | MainThread   | [INFO    ] | _connect            |: Connected to c0:89:c1:6d:24:4b
2024-04-30 02:02:24,748 | MainThread   | [INFO    ] | exit_handler        |: Exiting...
2024-04-30 02:02:27,908 | MainThread   | [INFO    ] | disconnect_handler  |: Disconnected from C0:89:C1:6D:24:4B
2024-04-30 02:03:00,738 | MainThread   | [WARNING ] | exit_handler        |: Could not disconnect before exiting
2024-04-30 02:03:00,836 | MainThread   | [WARNING ] | __del__             |: Could not delete BaseBLEController instance before exiting
2024-04-30 02:03:00,844 | MainThread   | [WARNING ] | __del__             |: [WinError 10038] An operation was attempted on something that is not a socket
2024-04-30 02:03:04,403 | MainThread   | [DEBUG   ] | <module>            |: debug
2024-04-30 02:03:04,403 | MainThread   | [INFO    ] | <module>            |: info
2024-04-30 02:03:04,405 | MainThread   | [WARNING ] | <module>            |: warning
2024-04-30 02:03:04,406 | MainThread   | [ERROR   ] | <module>            |: error
2024-04-30 02:03:04,407 | MainThread   | [CRITICAL] | <module>            |: critical
2024-04-30 02:03:04,408 | MainThread   | [DEBUG   ] | __init__            |: Python Info: sys.version_info(major=3, minor=12, micro=3, releaselevel='final', serial=0)
2024-04-30 02:03:04,409 | MainThread   | [DEBUG   ] | __init__            |: System Info: Windows-10-10.0.19045-SP0
2024-04-30 02:03:05,067 | MainThread   | [INFO    ] | _connect            |: Looking for Artemis Nano Peripheral Device: c0:89:c1:6d:24:4b
2024-04-30 02:03:09,611 | MainThread   | [INFO    ] | _connect            |: Connected to c0:89:c1:6d:24:4b
2024-04-30 02:07:45,559 | MainThread   | [INFO    ] | disconnect_handler  |: Disconnected from C0:89:C1:6D:24:4B
2024-04-30 02:08:00,525 | MainThread   | [INFO    ] | _connect            |: Looking for Artemis Nano Peripheral Device: c0:89:c1:6d:24:4b
2024-04-30 02:08:04,997 | MainThread   | [INFO    ] | _connect            |: Connected to c0:89:c1:6d:24:4b
2024-04-30 02:09:21,903 | MainThread   | [INFO    ] | _connect            |: Already connected to a BLE device
2024-04-30 02:09:22,908 | MainThread   | [INFO    ] | disconnect_handler  |: Disconnected from C0:89:C1:6D:24:4B
2024-04-30 02:09:27,044 | MainThread   | [INFO    ] | _connect            |: Looking for Artemis Nano Peripheral Device: c0:89:c1:6d:24:4b
2024-04-30 02:09:31,639 | MainThread   | [INFO    ] | _connect            |: Connected to c0:89:c1:6d:24:4b
2024-04-30 02:12:51,806 | MainThread   | [INFO    ] | disconnect_handler  |: Disconnected from C0:89:C1:6D:24:4B
2024-04-30 02:13:07,007 | MainThread   | [INFO    ] | _connect            |: Looking for Artemis Nano Peripheral Device: c0:89:c1:6d:24:4b
2024-04-30 02:13:12,143 | MainThread   | [INFO    ] | _connect            |: Connected to c0:89:c1:6d:24:4b
2024-04-30 02:17:33,149 | MainThread   | [INFO    ] | disconnect_handler  |: Disconnected from C0:89:C1:6D:24:4B
2024-04-30 02:17:44,032 | MainThread   | [INFO    ] | _connect            |: Looking for Artemis Nano Peripheral Device: c0:89:c1:6d:24:4b
2024-04-30 02:17:48,569 | MainThread   | [INFO    ] | _connect            |: Connected to c0:89:c1:6d:24:4b
2024-04-30 02:45:52,024 | MainThread   | [INFO    ] | disconnect_handler  |: Disconnected from C0:89:C1:6D:24:4B
2024-04-30 02:49:54,217 | MainThread   | [DEBUG   ] | <module>            |: debug
2024-04-30 02:49:54,218 | MainThread   | [INFO    ] | <module>            |: info
2024-04-30 02:49:54,218 | MainThread   | [WARNING ] | <module>            |: warning
2024-04-30 02:49:54,219 | MainThread   | [ERROR   ] | <module>            |: error
2024-04-30 02:49:54,220 | MainThread   | [CRITICAL] | <module>            |: critical
2024-04-30 02:49:55,617 | MainThread   | [INFO    ] | _connect            |: Looking for Artemis Nano Peripheral Device: c0:89:c1:6d:24:4b
2024-04-30 02:50:00,065 | MainThread   | [INFO    ] | _connect            |: Connected to c0:89:c1:6d:24:4b
2024-04-30 02:55:51,554 | MainThread   | [INFO    ] | disconnect_handler  |: Disconnected from C0:89:C1:6D:24:4B
2024-04-30 02:59:12,652 | MainThread   | [INFO    ] | exit_handler        |: Exiting...
2024-04-30 02:59:12,653 | MainThread   | [WARNING ] | exit_handler        |: Could not disconnect before exiting
2024-04-30 02:59:12,654 | MainThread   | [WARNING ] | exit_handler        |: Not connected to a BLE device
2024-04-30 02:59:12,787 | MainThread   | [WARNING ] | __del__             |: Could not delete BaseBLEController instance before exiting
2024-04-30 02:59:12,795 | MainThread   | [WARNING ] | __del__             |: [WinError 10038] An operation was attempted on something that is not a socket
2024-04-30 02:59:23,635 | MainThread   | [DEBUG   ] | <module>            |: debug
2024-04-30 02:59:23,636 | MainThread   | [INFO    ] | <module>            |: info
2024-04-30 02:59:23,638 | MainThread   | [WARNING ] | <module>            |: warning
2024-04-30 02:59:23,639 | MainThread   | [ERROR   ] | <module>            |: error
2024-04-30 02:59:23,640 | MainThread   | [CRITICAL] | <module>            |: critical
2024-04-30 02:59:23,641 | MainThread   | [DEBUG   ] | __init__            |: Python Info: sys.version_info(major=3, minor=12, micro=3, releaselevel='final', serial=0)
2024-04-30 02:59:23,641 | MainThread   | [DEBUG   ] | __init__            |: System Info: Windows-10-10.0.19045-SP0
2024-04-30 02:59:44,952 | MainThread   | [INFO    ] | _connect            |: Looking for Artemis Nano Peripheral Device: c0:89:c1:6d:24:4b
2024-04-30 02:59:49,757 | MainThread   | [INFO    ] | _connect            |: Connected to c0:89:c1:6d:24:4b
2024-04-30 03:02:30,143 | MainThread   | [INFO    ] | disconnect_handler  |: Disconnected from C0:89:C1:6D:24:4B
2024-04-30 03:02:36,069 | MainThread   | [INFO    ] | _connect            |: Looking for Artemis Nano Peripheral Device: c0:89:c1:6d:24:4b
2024-04-30 03:02:40,641 | MainThread   | [INFO    ] | _connect            |: Connected to c0:89:c1:6d:24:4b
2024-04-30 03:04:38,966 | MainThread   | [INFO    ] | disconnect_handler  |: Disconnected from C0:89:C1:6D:24:4B
2024-04-30 03:06:02,046 | MainThread   | [INFO    ] | exit_handler        |: Exiting...
2024-04-30 03:06:02,047 | MainThread   | [WARNING ] | exit_handler        |: Could not disconnect before exiting
2024-04-30 03:06:02,048 | MainThread   | [WARNING ] | exit_handler        |: Not connected to a BLE device
2024-04-30 03:06:13,961 | MainThread   | [DEBUG   ] | <module>            |: debug
2024-04-30 03:06:13,961 | MainThread   | [INFO    ] | <module>            |: info
2024-04-30 03:06:13,963 | MainThread   | [WARNING ] | <module>            |: warning
2024-04-30 03:06:13,964 | MainThread   | [ERROR   ] | <module>            |: error
2024-04-30 03:06:13,965 | MainThread   | [CRITICAL] | <module>            |: critical
2024-04-30 03:06:13,967 | MainThread   | [DEBUG   ] | __init__            |: Python Info: sys.version_info(major=3, minor=12, micro=3, releaselevel='final', serial=0)
2024-04-30 03:06:13,967 | MainThread   | [DEBUG   ] | __init__            |: System Info: Windows-10-10.0.19045-SP0
2024-04-30 03:06:14,606 | MainThread   | [INFO    ] | _connect            |: Looking for Artemis Nano Peripheral Device: c0:89:c1:6d:24:4b
2024-04-30 03:06:20,785 | MainThread   | [INFO    ] | _connect            |: Connected to c0:89:c1:6d:24:4b
2024-04-30 03:09:36,571 | MainThread   | [INFO    ] | disconnect_handler  |: Disconnected from C0:89:C1:6D:24:4B
2024-04-30 03:12:30,031 | MainThread   | [INFO    ] | exit_handler        |: Exiting...
2024-04-30 03:12:30,032 | MainThread   | [WARNING ] | exit_handler        |: Could not disconnect before exiting
2024-04-30 03:12:30,033 | MainThread   | [WARNING ] | exit_handler        |: Not connected to a BLE device
2024-04-30 03:12:40,695 | MainThread   | [DEBUG   ] | <module>            |: debug
2024-04-30 03:12:40,695 | MainThread   | [INFO    ] | <module>            |: info
2024-04-30 03:12:40,697 | MainThread   | [WARNING ] | <module>            |: warning
2024-04-30 03:12:40,698 | MainThread   | [ERROR   ] | <module>            |: error
2024-04-30 03:12:40,699 | MainThread   | [CRITICAL] | <module>            |: critical
2024-04-30 03:12:40,700 | MainThread   | [DEBUG   ] | __init__            |: Python Info: sys.version_info(major=3, minor=12, micro=3, releaselevel='final', serial=0)
2024-04-30 03:12:40,701 | MainThread   | [DEBUG   ] | __init__            |: System Info: Windows-10-10.0.19045-SP0
2024-04-30 03:12:41,200 | MainThread   | [INFO    ] | _connect            |: Looking for Artemis Nano Peripheral Device: c0:89:c1:6d:24:4b
2024-04-30 03:12:45,692 | MainThread   | [INFO    ] | _connect            |: Connected to c0:89:c1:6d:24:4b
2024-04-30 03:14:50,918 | MainThread   | [INFO    ] | disconnect_handler  |: Disconnected from C0:89:C1:6D:24:4B
2024-04-30 03:28:03,685 | MainThread   | [INFO    ] | exit_handler        |: Exiting...
2024-04-30 03:28:03,686 | MainThread   | [WARNING ] | exit_handler        |: Could not disconnect before exiting
2024-04-30 03:28:03,687 | MainThread   | [WARNING ] | exit_handler        |: Not connected to a BLE device
2024-04-30 03:28:03,803 | MainThread   | [WARNING ] | __del__             |: Could not delete BaseBLEController instance before exiting
2024-04-30 03:28:03,811 | MainThread   | [WARNING ] | __del__             |: [WinError 10038] An operation was attempted on something that is not a socket
2024-04-30 03:28:07,419 | MainThread   | [DEBUG   ] | <module>            |: debug
2024-04-30 03:28:07,419 | MainThread   | [INFO    ] | <module>            |: info
2024-04-30 03:28:07,421 | MainThread   | [WARNING ] | <module>            |: warning
2024-04-30 03:28:07,422 | MainThread   | [ERROR   ] | <module>            |: error
2024-04-30 03:28:07,423 | MainThread   | [CRITICAL] | <module>            |: critical
2024-04-30 03:28:07,424 | MainThread   | [DEBUG   ] | __init__            |: Python Info: sys.version_info(major=3, minor=12, micro=3, releaselevel='final', serial=0)
2024-04-30 03:28:07,424 | MainThread   | [DEBUG   ] | __init__            |: System Info: Windows-10-10.0.19045-SP0
2024-04-30 03:28:08,079 | MainThread   | [INFO    ] | _connect            |: Looking for Artemis Nano Peripheral Device: c0:89:c1:6d:24:4b
2024-04-30 03:28:12,651 | MainThread   | [INFO    ] | _connect            |: Connected to c0:89:c1:6d:24:4b
2024-04-30 03:32:12,297 | MainThread   | [INFO    ] | disconnect_handler  |: Disconnected from C0:89:C1:6D:24:4B
2024-04-30 03:32:57,127 | MainThread   | [INFO    ] | _connect            |: Looking for Artemis Nano Peripheral Device: c0:89:c1:6d:24:4b
2024-04-30 03:33:01,916 | MainThread   | [INFO    ] | _connect            |: Connected to c0:89:c1:6d:24:4b
2024-04-30 03:37:04,803 | MainThread   | [INFO    ] | disconnect_handler  |: Disconnected from C0:89:C1:6D:24:4B
2024-04-30 03:37:49,998 | MainThread   | [INFO    ] | exit_handler        |: Exiting...
2024-04-30 03:37:50,000 | MainThread   | [WARNING ] | exit_handler        |: Could not disconnect before exiting
2024-04-30 03:37:50,001 | MainThread   | [WARNING ] | exit_handler        |: Not connected to a BLE device
2024-04-30 03:37:50,125 | MainThread   | [WARNING ] | __del__             |: Could not delete BaseBLEController instance before exiting
2024-04-30 03:37:50,134 | MainThread   | [WARNING ] | __del__             |: [WinError 10038] An operation was attempted on something that is not a socket
2024-04-30 03:37:53,742 | MainThread   | [DEBUG   ] | <module>            |: debug
2024-04-30 03:37:53,742 | MainThread   | [INFO    ] | <module>            |: info
2024-04-30 03:37:53,744 | MainThread   | [WARNING ] | <module>            |: warning
2024-04-30 03:37:53,745 | MainThread   | [ERROR   ] | <module>            |: error
2024-04-30 03:37:53,745 | MainThread   | [CRITICAL] | <module>            |: critical
2024-04-30 03:37:53,747 | MainThread   | [DEBUG   ] | __init__            |: Python Info: sys.version_info(major=3, minor=12, micro=3, releaselevel='final', serial=0)
2024-04-30 03:37:53,747 | MainThread   | [DEBUG   ] | __init__            |: System Info: Windows-10-10.0.19045-SP0
2024-04-30 03:37:55,195 | MainThread   | [INFO    ] | _connect            |: Looking for Artemis Nano Peripheral Device: c0:89:c1:6d:24:4b
2024-04-30 03:37:59,882 | MainThread   | [INFO    ] | _connect            |: Connected to c0:89:c1:6d:24:4b
2024-04-30 03:40:32,166 | MainThread   | [INFO    ] | disconnect_handler  |: Disconnected from C0:89:C1:6D:24:4B
2024-04-30 03:40:35,682 | MainThread   | [INFO    ] | _connect            |: Looking for Artemis Nano Peripheral Device: c0:89:c1:6d:24:4b
2024-04-30 03:40:41,226 | MainThread   | [INFO    ] | _connect            |: Connected to c0:89:c1:6d:24:4b
2024-04-30 11:46:36,711 | MainThread   | [INFO    ] | disconnect_handler  |: Disconnected from C0:89:C1:6D:24:4B
2024-04-30 12:03:18,379 | MainThread   | [DEBUG   ] | <module>            |: debug
2024-04-30 12:03:18,380 | MainThread   | [INFO    ] | <module>            |: info
2024-04-30 12:03:18,380 | MainThread   | [WARNING ] | <module>            |: warning
2024-04-30 12:03:18,381 | MainThread   | [ERROR   ] | <module>            |: error
2024-04-30 12:03:18,382 | MainThread   | [CRITICAL] | <module>            |: critical
2024-04-30 12:03:19,703 | MainThread   | [INFO    ] | _connect            |: Looking for Artemis Nano Peripheral Device: c0:89:c1:6d:24:4b
2024-04-30 12:03:24,285 | MainThread   | [INFO    ] | _connect            |: Connected to c0:89:c1:6d:24:4b
2024-04-30 12:09:55,315 | MainThread   | [INFO    ] | disconnect_handler  |: Disconnected from C0:89:C1:6D:24:4B
2024-04-30 12:11:15,985 | MainThread   | [INFO    ] | _connect            |: Looking for Artemis Nano Peripheral Device: c0:89:c1:6d:24:4b
2024-04-30 12:11:20,634 | MainThread   | [INFO    ] | _connect            |: Connected to c0:89:c1:6d:24:4b
2024-04-30 12:15:50,402 | MainThread   | [INFO    ] | disconnect_handler  |: Disconnected from C0:89:C1:6D:24:4B
2024-04-30 12:20:04,690 | MainThread   | [INFO    ] | _connect            |: Looking for Artemis Nano Peripheral Device: c0:89:c1:6d:24:4b
2024-04-30 12:20:10,323 | MainThread   | [INFO    ] | _connect            |: Connected to c0:89:c1:6d:24:4b
2024-04-30 12:22:16,090 | MainThread   | [INFO    ] | _connect            |: Already connected to a BLE device
2024-04-30 12:22:20,828 | MainThread   | [INFO    ] | disconnect_handler  |: Disconnected from C0:89:C1:6D:24:4B
2024-04-30 12:22:22,809 | MainThread   | [INFO    ] | _connect            |: Looking for Artemis Nano Peripheral Device: c0:89:c1:6d:24:4b
2024-04-30 12:22:27,306 | MainThread   | [INFO    ] | _connect            |: Connected to c0:89:c1:6d:24:4b
2024-04-30 12:24:21,250 | MainThread   | [INFO    ] | disconnect_handler  |: Disconnected from C0:89:C1:6D:24:4B
2024-04-30 12:24:25,825 | MainThread   | [INFO    ] | _connect            |: Looking for Artemis Nano Peripheral Device: c0:89:c1:6d:24:4b
2024-04-30 12:24:30,668 | MainThread   | [INFO    ] | _connect            |: Connected to c0:89:c1:6d:24:4b
2024-04-30 12:29:47,842 | MainThread   | [INFO    ] | exit_handler        |: Exiting...
2024-04-30 12:29:47,934 | MainThread   | [WARNING ] | exit_handler        |: Could not disconnect before exiting
2024-04-30 12:29:47,935 | MainThread   | [WARNING ] | exit_handler        |: Event loop stopped before Future completed.
2024-04-30 12:29:48,037 | MainThread   | [WARNING ] | __del__             |: Could not delete BaseBLEController instance before exiting
2024-04-30 12:29:48,045 | MainThread   | [WARNING ] | __del__             |: [WinError 10038] An operation was attempted on something that is not a socket
2024-04-30 12:30:05,621 | MainThread   | [DEBUG   ] | <module>            |: debug
2024-04-30 12:30:05,622 | MainThread   | [INFO    ] | <module>            |: info
2024-04-30 12:30:05,625 | MainThread   | [WARNING ] | <module>            |: warning
2024-04-30 12:30:05,626 | MainThread   | [ERROR   ] | <module>            |: error
2024-04-30 12:30:05,626 | MainThread   | [CRITICAL] | <module>            |: critical
2024-04-30 12:30:05,628 | MainThread   | [DEBUG   ] | __init__            |: Python Info: sys.version_info(major=3, minor=12, micro=3, releaselevel='final', serial=0)
2024-04-30 12:30:05,628 | MainThread   | [DEBUG   ] | __init__            |: System Info: Windows-10-10.0.19045-SP0
2024-04-30 12:30:06,915 | MainThread   | [INFO    ] | _connect            |: Looking for Artemis Nano Peripheral Device: c0:89:c1:6d:24:4b
2024-04-30 12:30:11,596 | MainThread   | [INFO    ] | _connect            |: Connected to c0:89:c1:6d:24:4b
2024-04-30 12:33:47,541 | MainThread   | [INFO    ] | disconnect_handler  |: Disconnected from C0:89:C1:6D:24:4B
2024-04-30 12:34:17,213 | MainThread   | [INFO    ] | exit_handler        |: Exiting...
2024-04-30 12:34:17,215 | MainThread   | [WARNING ] | exit_handler        |: Could not disconnect before exiting
2024-04-30 12:34:17,216 | MainThread   | [WARNING ] | exit_handler        |: Not connected to a BLE device
2024-04-30 12:34:17,324 | MainThread   | [WARNING ] | __del__             |: Could not delete BaseBLEController instance before exiting
2024-04-30 12:34:17,332 | MainThread   | [WARNING ] | __del__             |: [WinError 10038] An operation was attempted on something that is not a socket
2024-04-30 12:34:21,064 | MainThread   | [DEBUG   ] | <module>            |: debug
2024-04-30 12:34:21,065 | MainThread   | [INFO    ] | <module>            |: info
2024-04-30 12:34:21,068 | MainThread   | [WARNING ] | <module>            |: warning
2024-04-30 12:34:21,069 | MainThread   | [ERROR   ] | <module>            |: error
2024-04-30 12:34:21,070 | MainThread   | [CRITICAL] | <module>            |: critical
2024-04-30 12:34:21,072 | MainThread   | [DEBUG   ] | __init__            |: Python Info: sys.version_info(major=3, minor=12, micro=3, releaselevel='final', serial=0)
2024-04-30 12:34:21,072 | MainThread   | [DEBUG   ] | __init__            |: System Info: Windows-10-10.0.19045-SP0
2024-04-30 12:34:21,673 | MainThread   | [INFO    ] | _connect            |: Looking for Artemis Nano Peripheral Device: c0:89:c1:6d:24:4b
2024-04-30 12:34:26,240 | MainThread   | [INFO    ] | _connect            |: Connected to c0:89:c1:6d:24:4b
2024-04-30 12:35:56,182 | MainThread   | [INFO    ] | disconnect_handler  |: Disconnected from C0:89:C1:6D:24:4B
2024-04-30 14:01:15,041 | MainThread   | [INFO    ] | exit_handler        |: Exiting...
2024-04-30 14:01:15,043 | MainThread   | [WARNING ] | exit_handler        |: Could not disconnect before exiting
2024-04-30 14:01:15,044 | MainThread   | [WARNING ] | exit_handler        |: Not connected to a BLE device
2024-04-30 14:01:15,150 | MainThread   | [WARNING ] | __del__             |: Could not delete BaseBLEController instance before exiting
2024-04-30 14:01:15,209 | MainThread   | [WARNING ] | __del__             |: [WinError 10038] An operation was attempted on something that is not a socket
2024-04-30 14:01:19,321 | MainThread   | [DEBUG   ] | <module>            |: debug
2024-04-30 14:01:19,322 | MainThread   | [INFO    ] | <module>            |: info
2024-04-30 14:01:19,324 | MainThread   | [WARNING ] | <module>            |: warning
2024-04-30 14:01:19,325 | MainThread   | [ERROR   ] | <module>            |: error
2024-04-30 14:01:19,326 | MainThread   | [CRITICAL] | <module>            |: critical
2024-04-30 14:01:19,333 | MainThread   | [DEBUG   ] | __init__            |: Python Info: sys.version_info(major=3, minor=12, micro=3, releaselevel='final', serial=0)
2024-04-30 14:01:19,333 | MainThread   | [DEBUG   ] | __init__            |: System Info: Windows-10-10.0.19045-SP0
2024-04-30 14:01:20,106 | MainThread   | [INFO    ] | _connect            |: Looking for Artemis Nano Peripheral Device: c0:89:c1:6d:24:4b
2024-04-30 14:01:25,651 | MainThread   | [INFO    ] | _connect            |: Connected to c0:89:c1:6d:24:4b
2024-04-30 14:04:56,246 | MainThread   | [INFO    ] | disconnect_handler  |: Disconnected from C0:89:C1:6D:24:4B
2024-04-30 14:06:30,184 | MainThread   | [INFO    ] | _connect            |: Looking for Artemis Nano Peripheral Device: c0:89:c1:6d:24:4b
2024-04-30 14:06:35,006 | MainThread   | [INFO    ] | _connect            |: Connected to c0:89:c1:6d:24:4b
2024-04-30 14:15:05,679 | MainThread   | [INFO    ] | disconnect_handler  |: Disconnected from C0:89:C1:6D:24:4B
2024-04-30 14:15:32,297 | MainThread   | [INFO    ] | _connect            |: Looking for Artemis Nano Peripheral Device: c0:89:c1:6d:24:4b
2024-04-30 14:15:36,817 | MainThread   | [INFO    ] | _connect            |: Connected to c0:89:c1:6d:24:4b
2024-04-30 14:17:05,620 | MainThread   | [INFO    ] | disconnect_handler  |: Disconnected from C0:89:C1:6D:24:4B
2024-04-30 14:17:45,284 | MainThread   | [INFO    ] | _connect            |: Looking for Artemis Nano Peripheral Device: c0:89:c1:6d:24:4b
2024-04-30 14:17:49,840 | MainThread   | [INFO    ] | _connect            |: Connected to c0:89:c1:6d:24:4b
2024-04-30 14:19:12,883 | MainThread   | [INFO    ] | disconnect_handler  |: Disconnected from C0:89:C1:6D:24:4B
2024-04-30 14:19:17,526 | MainThread   | [INFO    ] | _connect            |: Looking for Artemis Nano Peripheral Device: c0:89:c1:6d:24:4b
2024-04-30 14:19:22,300 | MainThread   | [INFO    ] | _connect            |: Connected to c0:89:c1:6d:24:4b
2024-04-30 14:21:35,745 | MainThread   | [INFO    ] | disconnect_handler  |: Disconnected from C0:89:C1:6D:24:4B
2024-04-30 14:24:14,716 | MainThread   | [INFO    ] | _connect            |: Looking for Artemis Nano Peripheral Device: c0:89:c1:6d:24:4b
2024-04-30 14:24:19,307 | MainThread   | [INFO    ] | _connect            |: Connected to c0:89:c1:6d:24:4b
2024-04-30 14:28:14,214 | MainThread   | [INFO    ] | disconnect_handler  |: Disconnected from C0:89:C1:6D:24:4B
2024-04-30 14:28:27,745 | MainThread   | [INFO    ] | _connect            |: Looking for Artemis Nano Peripheral Device: c0:89:c1:6d:24:4b
2024-04-30 14:28:32,571 | MainThread   | [INFO    ] | _connect            |: Connected to c0:89:c1:6d:24:4b
2024-04-30 14:40:51,789 | MainThread   | [INFO    ] | disconnect_handler  |: Disconnected from C0:89:C1:6D:24:4B
2024-04-30 14:44:09,628 | MainThread   | [INFO    ] | exit_handler        |: Exiting...
2024-04-30 14:44:09,630 | MainThread   | [WARNING ] | exit_handler        |: Could not disconnect before exiting
2024-04-30 14:44:09,630 | MainThread   | [WARNING ] | exit_handler        |: Not connected to a BLE device
2024-04-30 14:44:09,748 | MainThread   | [WARNING ] | __del__             |: Could not delete BaseBLEController instance before exiting
2024-04-30 14:44:09,806 | MainThread   | [WARNING ] | __del__             |: [WinError 10038] An operation was attempted on something that is not a socket
2024-04-30 14:44:13,801 | MainThread   | [DEBUG   ] | <module>            |: debug
2024-04-30 14:44:13,801 | MainThread   | [INFO    ] | <module>            |: info
2024-04-30 14:44:13,803 | MainThread   | [WARNING ] | <module>            |: warning
2024-04-30 14:44:13,804 | MainThread   | [ERROR   ] | <module>            |: error
2024-04-30 14:44:13,805 | MainThread   | [CRITICAL] | <module>            |: critical
2024-04-30 14:44:13,810 | MainThread   | [DEBUG   ] | __init__            |: Python Info: sys.version_info(major=3, minor=12, micro=3, releaselevel='final', serial=0)
2024-04-30 14:44:13,810 | MainThread   | [DEBUG   ] | __init__            |: System Info: Windows-10-10.0.19045-SP0
2024-04-30 14:44:14,775 | MainThread   | [INFO    ] | _connect            |: Looking for Artemis Nano Peripheral Device: c0:89:c1:6d:24:4b
2024-04-30 14:44:19,696 | MainThread   | [INFO    ] | _connect            |: Connected to c0:89:c1:6d:24:4b
2024-04-30 14:49:05,417 | MainThread   | [INFO    ] | disconnect_handler  |: Disconnected from C0:89:C1:6D:24:4B
2024-04-30 14:49:09,653 | MainThread   | [INFO    ] | _connect            |: Looking for Artemis Nano Peripheral Device: c0:89:c1:6d:24:4b
2024-04-30 14:49:14,355 | MainThread   | [INFO    ] | _connect            |: Connected to c0:89:c1:6d:24:4b
2024-04-30 14:51:23,539 | MainThread   | [INFO    ] | disconnect_handler  |: Disconnected from C0:89:C1:6D:24:4B
2024-04-30 14:53:07,034 | MainThread   | [INFO    ] | _connect            |: Looking for Artemis Nano Peripheral Device: c0:89:c1:6d:24:4b
2024-04-30 14:53:11,720 | MainThread   | [INFO    ] | _connect            |: Connected to c0:89:c1:6d:24:4b
2024-04-30 14:57:58,168 | MainThread   | [INFO    ] | disconnect_handler  |: Disconnected from C0:89:C1:6D:24:4B
2024-04-30 14:58:33,443 | MainThread   | [INFO    ] | _connect            |: Looking for Artemis Nano Peripheral Device: c0:89:c1:6d:24:4b
2024-04-30 14:58:38,066 | MainThread   | [INFO    ] | _connect            |: Connected to c0:89:c1:6d:24:4b
2024-04-30 15:22:18,476 | MainThread   | [INFO    ] | disconnect_handler  |: Disconnected from C0:89:C1:6D:24:4B
2024-04-30 15:22:55,395 | MainThread   | [INFO    ] | exit_handler        |: Exiting...
2024-04-30 15:22:55,397 | MainThread   | [WARNING ] | exit_handler        |: Could not disconnect before exiting
2024-04-30 15:22:55,397 | MainThread   | [WARNING ] | exit_handler        |: Not connected to a BLE device
2024-04-30 15:22:55,510 | MainThread   | [WARNING ] | __del__             |: Could not delete BaseBLEController instance before exiting
2024-04-30 15:22:55,518 | MainThread   | [WARNING ] | __del__             |: [WinError 10038] An operation was attempted on something that is not a socket
2024-04-30 15:22:59,074 | MainThread   | [DEBUG   ] | <module>            |: debug
2024-04-30 15:22:59,074 | MainThread   | [INFO    ] | <module>            |: info
2024-04-30 15:22:59,077 | MainThread   | [WARNING ] | <module>            |: warning
2024-04-30 15:22:59,078 | MainThread   | [ERROR   ] | <module>            |: error
2024-04-30 15:22:59,078 | MainThread   | [CRITICAL] | <module>            |: critical
2024-04-30 15:22:59,080 | MainThread   | [DEBUG   ] | __init__            |: Python Info: sys.version_info(major=3, minor=12, micro=3, releaselevel='final', serial=0)
2024-04-30 15:22:59,080 | MainThread   | [DEBUG   ] | __init__            |: System Info: Windows-10-10.0.19045-SP0
2024-04-30 15:23:00,637 | MainThread   | [INFO    ] | _connect            |: Looking for Artemis Nano Peripheral Device: c0:89:c1:6d:24:4b
2024-04-30 15:23:05,634 | MainThread   | [INFO    ] | _connect            |: Connected to c0:89:c1:6d:24:4b
2024-04-30 15:27:24,721 | MainThread   | [INFO    ] | disconnect_handler  |: Disconnected from C0:89:C1:6D:24:4B
2024-04-30 15:27:29,275 | MainThread   | [INFO    ] | _connect            |: Looking for Artemis Nano Peripheral Device: c0:89:c1:6d:24:4b
2024-04-30 15:27:33,898 | MainThread   | [INFO    ] | _connect            |: Connected to c0:89:c1:6d:24:4b
2024-04-30 15:30:24,063 | MainThread   | [INFO    ] | disconnect_handler  |: Disconnected from C0:89:C1:6D:24:4B
2024-04-30 15:30:25,012 | MainThread   | [INFO    ] | _connect            |: Looking for Artemis Nano Peripheral Device: c0:89:c1:6d:24:4b
2024-04-30 15:30:29,762 | MainThread   | [INFO    ] | _connect            |: Connected to c0:89:c1:6d:24:4b
2024-04-30 15:31:56,166 | MainThread   | [INFO    ] | disconnect_handler  |: Disconnected from C0:89:C1:6D:24:4B
2024-04-30 15:34:31,681 | MainThread   | [INFO    ] | _connect            |: Looking for Artemis Nano Peripheral Device: c0:89:c1:6d:24:4b
2024-04-30 15:34:36,547 | MainThread   | [INFO    ] | _connect            |: Connected to c0:89:c1:6d:24:4b
2024-04-30 15:39:14,955 | MainThread   | [INFO    ] | disconnect_handler  |: Disconnected from C0:89:C1:6D:24:4B
2024-04-30 15:39:30,103 | MainThread   | [INFO    ] | _connect            |: Looking for Artemis Nano Peripheral Device: c0:89:c1:6d:24:4b
2024-04-30 15:39:34,633 | MainThread   | [INFO    ] | _connect            |: Connected to c0:89:c1:6d:24:4b
2024-04-30 15:46:07,643 | MainThread   | [INFO    ] | disconnect_handler  |: Disconnected from C0:89:C1:6D:24:4B
2024-04-30 15:46:24,173 | MainThread   | [INFO    ] | exit_handler        |: Exiting...
2024-04-30 15:46:24,175 | MainThread   | [WARNING ] | exit_handler        |: Could not disconnect before exiting
2024-04-30 15:46:24,176 | MainThread   | [WARNING ] | exit_handler        |: Not connected to a BLE device
2024-04-30 15:46:27,941 | MainThread   | [DEBUG   ] | <module>            |: debug
2024-04-30 15:46:27,941 | MainThread   | [INFO    ] | <module>            |: info
2024-04-30 15:46:27,944 | MainThread   | [WARNING ] | <module>            |: warning
2024-04-30 15:46:27,944 | MainThread   | [ERROR   ] | <module>            |: error
2024-04-30 15:46:27,945 | MainThread   | [CRITICAL] | <module>            |: critical
2024-04-30 15:46:27,946 | MainThread   | [DEBUG   ] | __init__            |: Python Info: sys.version_info(major=3, minor=12, micro=3, releaselevel='final', serial=0)
2024-04-30 15:46:27,946 | MainThread   | [DEBUG   ] | __init__            |: System Info: Windows-10-10.0.19045-SP0
2024-04-30 15:46:32,517 | MainThread   | [INFO    ] | _connect            |: Looking for Artemis Nano Peripheral Device: c0:89:c1:6d:24:4b
2024-04-30 15:46:37,220 | MainThread   | [INFO    ] | _connect            |: Connected to c0:89:c1:6d:24:4b
2024-04-30 15:49:34,467 | MainThread   | [INFO    ] | disconnect_handler  |: Disconnected from C0:89:C1:6D:24:4B
2024-04-30 15:49:40,283 | MainThread   | [DEBUG   ] | <module>            |: debug
2024-04-30 15:49:40,284 | MainThread   | [INFO    ] | <module>            |: info
2024-04-30 15:49:40,285 | MainThread   | [WARNING ] | <module>            |: warning
2024-04-30 15:49:40,286 | MainThread   | [ERROR   ] | <module>            |: error
2024-04-30 15:49:40,287 | MainThread   | [CRITICAL] | <module>            |: critical
2024-04-30 15:49:41,557 | MainThread   | [INFO    ] | _connect            |: Looking for Artemis Nano Peripheral Device: c0:89:c1:6d:24:4b
2024-04-30 15:49:46,464 | MainThread   | [INFO    ] | _connect            |: Connected to c0:89:c1:6d:24:4b
2024-04-30 15:53:49,652 | MainThread   | [INFO    ] | disconnect_handler  |: Disconnected from C0:89:C1:6D:24:4B
2024-04-30 15:53:58,443 | MainThread   | [INFO    ] | _connect            |: Looking for Artemis Nano Peripheral Device: c0:89:c1:6d:24:4b
2024-04-30 15:54:03,329 | MainThread   | [INFO    ] | _connect            |: Connected to c0:89:c1:6d:24:4b
2024-04-30 16:01:15,639 | MainThread   | [INFO    ] | disconnect_handler  |: Disconnected from C0:89:C1:6D:24:4B
2024-04-30 16:01:22,207 | MainThread   | [INFO    ] | _connect            |: Looking for Artemis Nano Peripheral Device: c0:89:c1:6d:24:4b
2024-04-30 16:01:26,677 | MainThread   | [INFO    ] | _connect            |: Connected to c0:89:c1:6d:24:4b
2024-04-30 16:04:08,563 | MainThread   | [INFO    ] | disconnect_handler  |: Disconnected from C0:89:C1:6D:24:4B
2024-04-30 16:04:16,769 | MainThread   | [INFO    ] | _connect            |: Looking for Artemis Nano Peripheral Device: c0:89:c1:6d:24:4b
2024-04-30 16:04:21,280 | MainThread   | [INFO    ] | _connect            |: Connected to c0:89:c1:6d:24:4b
2024-04-30 16:07:37,486 | MainThread   | [INFO    ] | disconnect_handler  |: Disconnected from C0:89:C1:6D:24:4B
2024-04-30 16:07:59,694 | MainThread   | [INFO    ] | exit_handler        |: Exiting...
2024-04-30 16:07:59,697 | MainThread   | [WARNING ] | exit_handler        |: Could not disconnect before exiting
2024-04-30 16:07:59,697 | MainThread   | [WARNING ] | exit_handler        |: Not connected to a BLE device
2024-04-30 16:07:59,802 | MainThread   | [WARNING ] | __del__             |: Could not delete BaseBLEController instance before exiting
2024-04-30 16:07:59,811 | MainThread   | [WARNING ] | __del__             |: [WinError 10038] An operation was attempted on something that is not a socket
2024-04-30 16:08:03,342 | MainThread   | [DEBUG   ] | <module>            |: debug
2024-04-30 16:08:03,342 | MainThread   | [INFO    ] | <module>            |: info
2024-04-30 16:08:03,345 | MainThread   | [WARNING ] | <module>            |: warning
2024-04-30 16:08:03,345 | MainThread   | [ERROR   ] | <module>            |: error
2024-04-30 16:08:03,346 | MainThread   | [CRITICAL] | <module>            |: critical
2024-04-30 16:08:03,347 | MainThread   | [DEBUG   ] | __init__            |: Python Info: sys.version_info(major=3, minor=12, micro=3, releaselevel='final', serial=0)
2024-04-30 16:08:03,347 | MainThread   | [DEBUG   ] | __init__            |: System Info: Windows-10-10.0.19045-SP0
2024-04-30 16:08:14,460 | MainThread   | [INFO    ] | _connect            |: Looking for Artemis Nano Peripheral Device: c0:89:c1:6d:24:4b
2024-04-30 16:08:19,725 | MainThread   | [INFO    ] | _connect            |: Connected to c0:89:c1:6d:24:4b
2024-04-30 17:31:43,743 | MainThread   | [INFO    ] | disconnect_handler  |: Disconnected from C0:89:C1:6D:24:4B
2024-04-30 17:32:57,488 | MainThread   | [INFO    ] | exit_handler        |: Exiting...
2024-04-30 17:32:57,489 | MainThread   | [WARNING ] | exit_handler        |: Could not disconnect before exiting
2024-04-30 17:32:57,492 | MainThread   | [WARNING ] | exit_handler        |: Not connected to a BLE device
2024-04-30 17:32:57,614 | MainThread   | [WARNING ] | __del__             |: Could not delete BaseBLEController instance before exiting
2024-04-30 17:32:57,624 | MainThread   | [WARNING ] | __del__             |: [WinError 10038] An operation was attempted on something that is not a socket
2024-04-30 17:33:01,321 | MainThread   | [DEBUG   ] | <module>            |: debug
2024-04-30 17:33:01,321 | MainThread   | [INFO    ] | <module>            |: info
2024-04-30 17:33:01,324 | MainThread   | [WARNING ] | <module>            |: warning
2024-04-30 17:33:01,325 | MainThread   | [ERROR   ] | <module>            |: error
2024-04-30 17:33:01,326 | MainThread   | [CRITICAL] | <module>            |: critical
2024-04-30 17:33:01,327 | MainThread   | [DEBUG   ] | __init__            |: Python Info: sys.version_info(major=3, minor=12, micro=3, releaselevel='final', serial=0)
2024-04-30 17:33:01,328 | MainThread   | [DEBUG   ] | __init__            |: System Info: Windows-10-10.0.19045-SP0
2024-04-30 17:33:01,795 | MainThread   | [INFO    ] | _connect            |: Looking for Artemis Nano Peripheral Device: c0:89:c1:6d:24:4b
2024-04-30 17:33:06,843 | MainThread   | [INFO    ] | _connect            |: Connected to c0:89:c1:6d:24:4b
2024-04-30 17:44:57,618 | MainThread   | [INFO    ] | disconnect_handler  |: Disconnected from C0:89:C1:6D:24:4B
2024-04-30 17:46:32,351 | MainThread   | [INFO    ] | _connect            |: Looking for Artemis Nano Peripheral Device: c0:89:c1:6d:24:4b
2024-04-30 17:46:37,457 | MainThread   | [INFO    ] | _connect            |: Connected to c0:89:c1:6d:24:4b
2024-04-30 18:28:53,457 | MainThread   | [INFO    ] | exit_handler        |: Exiting...
2024-04-30 18:28:53,550 | MainThread   | [WARNING ] | exit_handler        |: Could not disconnect before exiting
2024-04-30 18:28:53,551 | MainThread   | [WARNING ] | exit_handler        |: Event loop stopped before Future completed.
2024-04-30 18:28:57,326 | MainThread   | [DEBUG   ] | <module>            |: debug
2024-04-30 18:28:57,326 | MainThread   | [INFO    ] | <module>            |: info
2024-04-30 18:28:57,328 | MainThread   | [WARNING ] | <module>            |: warning
2024-04-30 18:28:57,329 | MainThread   | [ERROR   ] | <module>            |: error
2024-04-30 18:28:57,330 | MainThread   | [CRITICAL] | <module>            |: critical
2024-04-30 18:28:57,331 | MainThread   | [DEBUG   ] | __init__            |: Python Info: sys.version_info(major=3, minor=12, micro=3, releaselevel='final', serial=0)
2024-04-30 18:28:57,331 | MainThread   | [DEBUG   ] | __init__            |: System Info: Windows-10-10.0.19045-SP0
2024-04-30 18:29:01,800 | MainThread   | [INFO    ] | _connect            |: Looking for Artemis Nano Peripheral Device: c0:89:c1:6d:24:4b
2024-04-30 18:29:06,846 | MainThread   | [INFO    ] | _connect            |: Connected to c0:89:c1:6d:24:4b
2024-04-30 20:14:37,913 | MainThread   | [INFO    ] | disconnect_handler  |: Disconnected from C0:89:C1:6D:24:4B
